{"/Users/izaias/www/personal-projects/forge/app/javascript/controllers/agent_logs_controller.js": {"path":"/Users/izaias/www/personal-projects/forge/app/javascript/controllers/agent_logs_controller.js","statementMap":{"0":{"start":{"line":5,"column":19},"end":{"line":5,"column":null}},"1":{"start":{"line":6,"column":18},"end":{"line":6,"column":null}},"2":{"start":{"line":9,"column":4},"end":{"line":9,"column":null}},"3":{"start":{"line":10,"column":4},"end":{"line":15,"column":null}},"4":{"start":{"line":13,"column":28},"end":{"line":13,"column":null}},"5":{"start":{"line":16,"column":4},"end":{"line":16,"column":null}},"6":{"start":{"line":20,"column":4},"end":{"line":22,"column":null}},"7":{"start":{"line":21,"column":6},"end":{"line":21,"column":null}},"8":{"start":{"line":23,"column":4},"end":{"line":25,"column":null}},"9":{"start":{"line":24,"column":6},"end":{"line":24,"column":null}},"10":{"start":{"line":29,"column":4},"end":{"line":32,"column":null}},"11":{"start":{"line":30,"column":6},"end":{"line":30,"column":null}},"12":{"start":{"line":31,"column":6},"end":{"line":31,"column":null}},"13":{"start":{"line":34,"column":4},"end":{"line":34,"column":null}},"14":{"start":{"line":35,"column":4},"end":{"line":35,"column":null}},"15":{"start":{"line":39,"column":20},"end":{"line":39,"column":null}},"16":{"start":{"line":40,"column":4},"end":{"line":40,"column":null}},"17":{"start":{"line":41,"column":4},"end":{"line":41,"column":null}},"18":{"start":{"line":42,"column":4},"end":{"line":42,"column":null}},"19":{"start":{"line":46,"column":22},"end":{"line":46,"column":null}},"20":{"start":{"line":47,"column":4},"end":{"line":54,"column":null}},"21":{"start":{"line":49,"column":8},"end":{"line":49,"column":null}},"22":{"start":{"line":51,"column":8},"end":{"line":51,"column":null}},"23":{"start":{"line":53,"column":8},"end":{"line":53,"column":null}},"24":{"start":{"line":58,"column":4},"end":{"line":60,"column":null}},"25":{"start":{"line":59,"column":6},"end":{"line":59,"column":null}}},"fnMap":{"0":{"name":"(anonymous_0)","decl":{"start":{"line":8,"column":2},"end":{"line":8,"column":9}},"loc":{"start":{"line":8,"column":12},"end":{"line":17,"column":null}},"line":8},"1":{"name":"(anonymous_1)","decl":{"start":{"line":13,"column":18},"end":{"line":13,"column":19}},"loc":{"start":{"line":13,"column":28},"end":{"line":13,"column":null}},"line":13},"2":{"name":"(anonymous_2)","decl":{"start":{"line":19,"column":2},"end":{"line":19,"column":12}},"loc":{"start":{"line":19,"column":15},"end":{"line":26,"column":null}},"line":19},"3":{"name":"(anonymous_3)","decl":{"start":{"line":28,"column":2},"end":{"line":28,"column":15}},"loc":{"start":{"line":28,"column":22},"end":{"line":36,"column":null}},"line":28},"4":{"name":"(anonymous_4)","decl":{"start":{"line":38,"column":2},"end":{"line":38,"column":11}},"loc":{"start":{"line":38,"column":18},"end":{"line":43,"column":null}},"line":38},"5":{"name":"(anonymous_5)","decl":{"start":{"line":45,"column":2},"end":{"line":45,"column":13}},"loc":{"start":{"line":45,"column":23},"end":{"line":55,"column":null}},"line":45},"6":{"name":"(anonymous_6)","decl":{"start":{"line":57,"column":2},"end":{"line":57,"column":16}},"loc":{"start":{"line":57,"column":19},"end":{"line":61,"column":null}},"line":57}},"branchMap":{"0":{"loc":{"start":{"line":20,"column":4},"end":{"line":22,"column":null}},"type":"if","locations":[{"start":{"line":20,"column":4},"end":{"line":22,"column":null}},{"start":{},"end":{}}],"line":20},"1":{"loc":{"start":{"line":23,"column":4},"end":{"line":25,"column":null}},"type":"if","locations":[{"start":{"line":23,"column":4},"end":{"line":25,"column":null}},{"start":{},"end":{}}],"line":23},"2":{"loc":{"start":{"line":29,"column":4},"end":{"line":32,"column":null}},"type":"if","locations":[{"start":{"line":29,"column":4},"end":{"line":32,"column":null}},{"start":{},"end":{}}],"line":29},"3":{"loc":{"start":{"line":47,"column":4},"end":{"line":54,"column":null}},"type":"switch","locations":[{"start":{"line":48,"column":6},"end":{"line":49,"column":null}},{"start":{"line":50,"column":6},"end":{"line":51,"column":null}},{"start":{"line":52,"column":6},"end":{"line":53,"column":null}}],"line":47},"4":{"loc":{"start":{"line":58,"column":4},"end":{"line":60,"column":null}},"type":"if","locations":[{"start":{"line":58,"column":4},"end":{"line":60,"column":null}},{"start":{},"end":{}}],"line":58}},"s":{"0":1,"1":1,"2":8,"3":8,"4":0,"5":8,"6":1,"7":1,"8":1,"9":1,"10":3,"11":1,"12":1,"13":2,"14":2,"15":2,"16":2,"17":2,"18":2,"19":5,"20":5,"21":1,"22":1,"23":3,"24":10,"25":10},"f":{"0":8,"1":0,"2":1,"3":3,"4":2,"5":5,"6":10},"b":{"0":[1,0],"1":[1,0],"2":[1,2],"3":[1,1,3],"4":[10,0]},"meta":{"lastBranch":5,"lastFunction":7,"lastStatement":26,"seen":{"s:5:19:5:Infinity":0,"s:6:18:6:Infinity":1,"f:8:2:8:9":0,"s:9:4:9:Infinity":2,"s:10:4:15:Infinity":3,"f:13:18:13:19":1,"s:13:28:13:Infinity":4,"s:16:4:16:Infinity":5,"f:19:2:19:12":2,"b:20:4:22:Infinity:undefined:undefined:undefined:undefined":0,"s:20:4:22:Infinity":6,"s:21:6:21:Infinity":7,"b:23:4:25:Infinity:undefined:undefined:undefined:undefined":1,"s:23:4:25:Infinity":8,"s:24:6:24:Infinity":9,"f:28:2:28:15":3,"b:29:4:32:Infinity:undefined:undefined:undefined:undefined":2,"s:29:4:32:Infinity":10,"s:30:6:30:Infinity":11,"s:31:6:31:Infinity":12,"s:34:4:34:Infinity":13,"s:35:4:35:Infinity":14,"f:38:2:38:11":4,"s:39:20:39:Infinity":15,"s:40:4:40:Infinity":16,"s:41:4:41:Infinity":17,"s:42:4:42:Infinity":18,"f:45:2:45:13":5,"s:46:22:46:Infinity":19,"b:48:6:49:Infinity:50:6:51:Infinity:52:6:53:Infinity":3,"s:47:4:54:Infinity":20,"s:49:8:49:Infinity":21,"s:51:8:51:Infinity":22,"s:53:8:53:Infinity":23,"f:57:2:57:16":6,"b:58:4:60:Infinity:undefined:undefined:undefined:undefined":4,"s:58:4:60:Infinity":24,"s:59:6:59:Infinity":25}}}
,"/Users/izaias/www/personal-projects/forge/app/javascript/controllers/application.js": {"path":"/Users/izaias/www/personal-projects/forge/app/javascript/controllers/application.js","statementMap":{"0":{"start":{"line":3,"column":20},"end":{"line":3,"column":null}},"1":{"start":{"line":6,"column":0},"end":{"line":6,"column":null}},"2":{"start":{"line":7,"column":0},"end":{"line":7,"column":null}}},"fnMap":{},"branchMap":{},"s":{"0":1,"1":1,"2":1},"f":{},"b":{},"meta":{"lastBranch":0,"lastFunction":0,"lastStatement":3,"seen":{"s:3:20:3:Infinity":0,"s:6:0:6:Infinity":1,"s:7:0:7:Infinity":2}}}
,"/Users/izaias/www/personal-projects/forge/app/javascript/controllers/archive_confirmation_controller.js": {"path":"/Users/izaias/www/personal-projects/forge/app/javascript/controllers/archive_confirmation_controller.js","statementMap":{"0":{"start":{"line":5,"column":19},"end":{"line":5,"column":null}},"1":{"start":{"line":8,"column":19},"end":{"line":8,"column":null}},"2":{"start":{"line":9,"column":16},"end":{"line":9,"column":null}},"3":{"start":{"line":10,"column":21},"end":{"line":10,"column":null}},"4":{"start":{"line":11,"column":26},"end":{"line":11,"column":null}},"5":{"start":{"line":13,"column":4},"end":{"line":13,"column":null}},"6":{"start":{"line":14,"column":4},"end":{"line":14,"column":null}},"7":{"start":{"line":15,"column":4},"end":{"line":15,"column":null}},"8":{"start":{"line":16,"column":4},"end":{"line":16,"column":null}},"9":{"start":{"line":18,"column":4},"end":{"line":18,"column":null}},"10":{"start":{"line":22,"column":4},"end":{"line":22,"column":null}},"11":{"start":{"line":26,"column":4},"end":{"line":26,"column":null}}},"fnMap":{"0":{"name":"(anonymous_0)","decl":{"start":{"line":7,"column":2},"end":{"line":7,"column":6}},"loc":{"start":{"line":7,"column":14},"end":{"line":19,"column":null}},"line":7},"1":{"name":"(anonymous_1)","decl":{"start":{"line":21,"column":2},"end":{"line":21,"column":7}},"loc":{"start":{"line":21,"column":10},"end":{"line":23,"column":null}},"line":21},"2":{"name":"(anonymous_2)","decl":{"start":{"line":25,"column":2},"end":{"line":25,"column":17}},"loc":{"start":{"line":25,"column":25},"end":{"line":27,"column":null}},"line":25}},"branchMap":{"0":{"loc":{"start":{"line":10,"column":21},"end":{"line":10,"column":null}},"type":"binary-expr","locations":[{"start":{"line":10,"column":21},"end":{"line":10,"column":51}},{"start":{"line":10,"column":55},"end":{"line":10,"column":null}}],"line":10},"1":{"loc":{"start":{"line":11,"column":26},"end":{"line":11,"column":null}},"type":"binary-expr","locations":[{"start":{"line":11,"column":26},"end":{"line":11,"column":61}},{"start":{"line":11,"column":65},"end":{"line":11,"column":null}}],"line":11}},"s":{"0":1,"1":2,"2":2,"3":2,"4":2,"5":2,"6":2,"7":2,"8":2,"9":2,"10":1,"11":1},"f":{"0":2,"1":1,"2":1},"b":{"0":[2,1],"1":[2,1]},"meta":{"lastBranch":2,"lastFunction":3,"lastStatement":12,"seen":{"s:5:19:5:Infinity":0,"f:7:2:7:6":0,"s:8:19:8:Infinity":1,"s:9:16:9:Infinity":2,"s:10:21:10:Infinity":3,"b:10:21:10:51:10:55:10:Infinity":0,"s:11:26:11:Infinity":4,"b:11:26:11:61:11:65:11:Infinity":1,"s:13:4:13:Infinity":5,"s:14:4:14:Infinity":6,"s:15:4:15:Infinity":7,"s:16:4:16:Infinity":8,"s:18:4:18:Infinity":9,"f:21:2:21:7":1,"s:22:4:22:Infinity":10,"f:25:2:25:17":2,"s:26:4:26:Infinity":11}}}
,"/Users/izaias/www/personal-projects/forge/app/javascript/controllers/board_filter_controller.js": {"path":"/Users/izaias/www/personal-projects/forge/app/javascript/controllers/board_filter_controller.js","statementMap":{"0":{"start":{"line":6,"column":19},"end":{"line":6,"column":null}},"1":{"start":{"line":8,"column":18},"end":{"line":11,"column":null}},"2":{"start":{"line":14,"column":4},"end":{"line":14,"column":null}},"3":{"start":{"line":15,"column":4},"end":{"line":15,"column":null}},"4":{"start":{"line":16,"column":4},"end":{"line":16,"column":null}},"5":{"start":{"line":17,"column":4},"end":{"line":17,"column":null}},"6":{"start":{"line":21,"column":4},"end":{"line":21,"column":null}},"7":{"start":{"line":25,"column":4},"end":{"line":25,"column":null}},"8":{"start":{"line":29,"column":4},"end":{"line":29,"column":null}},"9":{"start":{"line":30,"column":4},"end":{"line":30,"column":null}},"10":{"start":{"line":35,"column":4},"end":{"line":38,"column":null}},"11":{"start":{"line":36,"column":6},"end":{"line":36,"column":null}},"12":{"start":{"line":37,"column":6},"end":{"line":37,"column":null}},"13":{"start":{"line":39,"column":4},"end":{"line":39,"column":null}},"14":{"start":{"line":40,"column":4},"end":{"line":40,"column":null}},"15":{"start":{"line":42,"column":4},"end":{"line":44,"column":null}},"16":{"start":{"line":43,"column":6},"end":{"line":43,"column":null}},"17":{"start":{"line":46,"column":4},"end":{"line":46,"column":null}},"18":{"start":{"line":47,"column":4},"end":{"line":47,"column":null}},"19":{"start":{"line":51,"column":4},"end":{"line":53,"column":null}},"20":{"start":{"line":52,"column":6},"end":{"line":52,"column":null}},"21":{"start":{"line":54,"column":4},"end":{"line":57,"column":null}},"22":{"start":{"line":55,"column":6},"end":{"line":55,"column":null}},"23":{"start":{"line":56,"column":6},"end":{"line":56,"column":null}},"24":{"start":{"line":59,"column":19},"end":{"line":59,"column":null}},"25":{"start":{"line":59,"column":55},"end":{"line":59,"column":82}},"26":{"start":{"line":60,"column":4},"end":{"line":63,"column":null}},"27":{"start":{"line":61,"column":6},"end":{"line":61,"column":null}},"28":{"start":{"line":62,"column":6},"end":{"line":62,"column":null}},"29":{"start":{"line":64,"column":4},"end":{"line":66,"column":null}},"30":{"start":{"line":65,"column":6},"end":{"line":65,"column":null}},"31":{"start":{"line":68,"column":4},"end":{"line":68,"column":null}},"32":{"start":{"line":69,"column":4},"end":{"line":69,"column":null}},"33":{"start":{"line":73,"column":4},"end":{"line":73,"column":null}},"34":{"start":{"line":74,"column":4},"end":{"line":74,"column":null}},"35":{"start":{"line":78,"column":23},"end":{"line":80,"column":null}},"36":{"start":{"line":82,"column":24},"end":{"line":82,"column":null}},"37":{"start":{"line":83,"column":33},"end":{"line":83,"column":null}},"38":{"start":{"line":84,"column":26},"end":{"line":84,"column":null}},"39":{"start":{"line":85,"column":24},"end":{"line":85,"column":null}},"40":{"start":{"line":87,"column":26},"end":{"line":87,"column":null}},"41":{"start":{"line":89,"column":4},"end":{"line":92,"column":null}},"42":{"start":{"line":90,"column":20},"end":{"line":90,"column":null}},"43":{"start":{"line":91,"column":6},"end":{"line":91,"column":null}},"44":{"start":{"line":91,"column":17},"end":{"line":91,"column":null}},"45":{"start":{"line":94,"column":4},"end":{"line":109,"column":null}},"46":{"start":{"line":95,"column":24},"end":{"line":95,"column":null}},"47":{"start":{"line":96,"column":23},"end":{"line":96,"column":null}},"48":{"start":{"line":97,"column":25},"end":{"line":97,"column":null}},"49":{"start":{"line":99,"column":28},"end":{"line":99,"column":null}},"50":{"start":{"line":100,"column":27},"end":{"line":100,"column":null}},"51":{"start":{"line":101,"column":28},"end":{"line":101,"column":null}},"52":{"start":{"line":103,"column":6},"end":{"line":108,"column":null}},"53":{"start":{"line":104,"column":8},"end":{"line":104,"column":null}},"54":{"start":{"line":105,"column":8},"end":{"line":105,"column":null}},"55":{"start":{"line":107,"column":8},"end":{"line":107,"column":null}},"56":{"start":{"line":112,"column":4},"end":{"line":135,"column":null}},"57":{"start":{"line":113,"column":20},"end":{"line":113,"column":null}},"58":{"start":{"line":114,"column":6},"end":{"line":114,"column":null}},"59":{"start":{"line":114,"column":18},"end":{"line":114,"column":null}},"60":{"start":{"line":116,"column":25},"end":{"line":116,"column":null}},"61":{"start":{"line":117,"column":6},"end":{"line":120,"column":null}},"62":{"start":{"line":118,"column":22},"end":{"line":118,"column":null}},"63":{"start":{"line":119,"column":8},"end":{"line":119,"column":null}},"64":{"start":{"line":122,"column":25},"end":{"line":122,"column":null}},"65":{"start":{"line":123,"column":6},"end":{"line":125,"column":null}},"66":{"start":{"line":124,"column":8},"end":{"line":124,"column":null}},"67":{"start":{"line":127,"column":35},"end":{"line":127,"column":null}},"68":{"start":{"line":128,"column":6},"end":{"line":130,"column":null}},"69":{"start":{"line":129,"column":8},"end":{"line":129,"column":null}},"70":{"start":{"line":132,"column":31},"end":{"line":132,"column":null}},"71":{"start":{"line":133,"column":28},"end":{"line":133,"column":null}},"72":{"start":{"line":134,"column":6},"end":{"line":134,"column":null}},"73":{"start":{"line":139,"column":19},"end":{"line":145,"column":null}},"74":{"start":{"line":142,"column":8},"end":{"line":142,"column":null}},"75":{"start":{"line":146,"column":4},"end":{"line":146,"column":null}},"76":{"start":{"line":150,"column":4},"end":{"line":150,"column":null}},"77":{"start":{"line":154,"column":27},"end":{"line":156,"column":null}},"78":{"start":{"line":155,"column":6},"end":{"line":155,"column":null}},"79":{"start":{"line":157,"column":4},"end":{"line":157,"column":null}},"80":{"start":{"line":161,"column":4},"end":{"line":169,"column":null}},"81":{"start":{"line":162,"column":6},"end":{"line":168,"column":null}},"82":{"start":{"line":163,"column":8},"end":{"line":163,"column":null}},"83":{"start":{"line":164,"column":8},"end":{"line":164,"column":null}},"84":{"start":{"line":166,"column":8},"end":{"line":166,"column":null}},"85":{"start":{"line":167,"column":8},"end":{"line":167,"column":null}},"86":{"start":{"line":173,"column":18},"end":{"line":173,"column":null}},"87":{"start":{"line":174,"column":4},"end":{"line":174,"column":null}},"88":{"start":{"line":174,"column":52},"end":{"line":174,"column":null}},"89":{"start":{"line":177,"column":6},"end":{"line":179,"column":null}},"90":{"start":{"line":181,"column":4},"end":{"line":181,"column":null}},"91":{"start":{"line":182,"column":4},"end":{"line":182,"column":null}},"92":{"start":{"line":186,"column":4},"end":{"line":186,"column":null}},"93":{"start":{"line":186,"column":49},"end":{"line":186,"column":null}},"94":{"start":{"line":187,"column":4},"end":{"line":187,"column":null}},"95":{"start":{"line":191,"column":4},"end":{"line":191,"column":null}},"96":{"start":{"line":191,"column":35},"end":{"line":191,"column":null}},"97":{"start":{"line":192,"column":19},"end":{"line":192,"column":null}},"98":{"start":{"line":192,"column":55},"end":{"line":192,"column":89}},"99":{"start":{"line":193,"column":4},"end":{"line":193,"column":null}},"100":{"start":{"line":193,"column":17},"end":{"line":193,"column":null}},"101":{"start":{"line":195,"column":26},"end":{"line":195,"column":null}},"102":{"start":{"line":196,"column":4},"end":{"line":200,"column":null}},"103":{"start":{"line":204,"column":4},"end":{"line":232,"column":null}},"104":{"start":{"line":205,"column":20},"end":{"line":205,"column":null}},"105":{"start":{"line":206,"column":6},"end":{"line":206,"column":null}},"106":{"start":{"line":206,"column":18},"end":{"line":206,"column":null}},"107":{"start":{"line":208,"column":21},"end":{"line":208,"column":null}},"108":{"start":{"line":210,"column":6},"end":{"line":212,"column":null}},"109":{"start":{"line":211,"column":8},"end":{"line":211,"column":null}},"110":{"start":{"line":214,"column":6},"end":{"line":224,"column":null}},"111":{"start":{"line":215,"column":8},"end":{"line":223,"column":null}},"112":{"start":{"line":216,"column":10},"end":{"line":222,"column":null}},"113":{"start":{"line":217,"column":12},"end":{"line":217,"column":null}},"114":{"start":{"line":218,"column":12},"end":{"line":218,"column":null}},"115":{"start":{"line":220,"column":12},"end":{"line":220,"column":null}},"116":{"start":{"line":221,"column":12},"end":{"line":221,"column":null}},"117":{"start":{"line":225,"column":6},"end":{"line":227,"column":null}},"118":{"start":{"line":226,"column":8},"end":{"line":226,"column":null}},"119":{"start":{"line":229,"column":6},"end":{"line":229,"column":null}}},"fnMap":{"0":{"name":"(anonymous_0)","decl":{"start":{"line":13,"column":2},"end":{"line":13,"column":9}},"loc":{"start":{"line":13,"column":12},"end":{"line":18,"column":null}},"line":13},"1":{"name":"(anonymous_1)","decl":{"start":{"line":20,"column":2},"end":{"line":20,"column":12}},"loc":{"start":{"line":20,"column":15},"end":{"line":22,"column":null}},"line":20},"2":{"name":"(anonymous_2)","decl":{"start":{"line":24,"column":2},"end":{"line":24,"column":14}},"loc":{"start":{"line":24,"column":17},"end":{"line":26,"column":null}},"line":24},"3":{"name":"(anonymous_3)","decl":{"start":{"line":28,"column":2},"end":{"line":28,"column":8}},"loc":{"start":{"line":28,"column":11},"end":{"line":31,"column":null}},"line":28},"4":{"name":"(anonymous_4)","decl":{"start":{"line":33,"column":2},"end":{"line":33,"column":13}},"loc":{"start":{"line":33,"column":21},"end":{"line":48,"column":null}},"line":33},"5":{"name":"(anonymous_5)","decl":{"start":{"line":35,"column":36},"end":{"line":35,"column":39}},"loc":{"start":{"line":35,"column":43},"end":{"line":38,"column":5}},"line":35},"6":{"name":"(anonymous_6)","decl":{"start":{"line":50,"column":2},"end":{"line":50,"column":14}},"loc":{"start":{"line":50,"column":17},"end":{"line":70,"column":null}},"line":50},"7":{"name":"(anonymous_7)","decl":{"start":{"line":54,"column":36},"end":{"line":54,"column":39}},"loc":{"start":{"line":54,"column":43},"end":{"line":57,"column":5}},"line":54},"8":{"name":"(anonymous_8)","decl":{"start":{"line":59,"column":48},"end":{"line":59,"column":51}},"loc":{"start":{"line":59,"column":55},"end":{"line":59,"column":82}},"line":59},"9":{"name":"(anonymous_9)","decl":{"start":{"line":72,"column":2},"end":{"line":72,"column":14}},"loc":{"start":{"line":72,"column":17},"end":{"line":75,"column":null}},"line":72},"10":{"name":"(anonymous_10)","decl":{"start":{"line":77,"column":2},"end":{"line":77,"column":14}},"loc":{"start":{"line":77,"column":17},"end":{"line":136,"column":null}},"line":77},"11":{"name":"(anonymous_11)","decl":{"start":{"line":89,"column":31},"end":{"line":89,"column":37}},"loc":{"start":{"line":89,"column":41},"end":{"line":92,"column":5}},"line":89},"12":{"name":"(anonymous_12)","decl":{"start":{"line":94,"column":29},"end":{"line":94,"column":33}},"loc":{"start":{"line":94,"column":37},"end":{"line":109,"column":5}},"line":94},"13":{"name":"(anonymous_13)","decl":{"start":{"line":112,"column":31},"end":{"line":112,"column":37}},"loc":{"start":{"line":112,"column":41},"end":{"line":135,"column":5}},"line":112},"14":{"name":"(anonymous_14)","decl":{"start":{"line":138,"column":2},"end":{"line":138,"column":12}},"loc":{"start":{"line":138,"column":15},"end":{"line":147,"column":null}},"line":138},"15":{"name":"(anonymous_15)","decl":{"start":{"line":141,"column":42},"end":{"line":141,"column":45}},"loc":{"start":{"line":142,"column":8},"end":{"line":142,"column":null}},"line":142},"16":{"name":"(anonymous_16)","decl":{"start":{"line":149,"column":2},"end":{"line":149,"column":13}},"loc":{"start":{"line":149,"column":22},"end":{"line":151,"column":null}},"line":149},"17":{"name":"(anonymous_17)","decl":{"start":{"line":153,"column":2},"end":{"line":153,"column":19}},"loc":{"start":{"line":153,"column":22},"end":{"line":158,"column":null}},"line":153},"18":{"name":"(anonymous_18)","decl":{"start":{"line":154,"column":56},"end":{"line":154,"column":59}},"loc":{"start":{"line":155,"column":6},"end":{"line":155,"column":null}},"line":155},"19":{"name":"(anonymous_19)","decl":{"start":{"line":160,"column":2},"end":{"line":160,"column":22}},"loc":{"start":{"line":160,"column":30},"end":{"line":170,"column":null}},"line":160},"20":{"name":"(anonymous_20)","decl":{"start":{"line":161,"column":36},"end":{"line":161,"column":39}},"loc":{"start":{"line":161,"column":43},"end":{"line":169,"column":5}},"line":161},"21":{"name":"(anonymous_21)","decl":{"start":{"line":172,"column":2},"end":{"line":172,"column":21}},"loc":{"start":{"line":172,"column":24},"end":{"line":183,"column":null}},"line":172},"22":{"name":"(anonymous_22)","decl":{"start":{"line":185,"column":2},"end":{"line":185,"column":17}},"loc":{"start":{"line":185,"column":20},"end":{"line":188,"column":null}},"line":185},"23":{"name":"(anonymous_23)","decl":{"start":{"line":190,"column":2},"end":{"line":190,"column":13}},"loc":{"start":{"line":190,"column":21},"end":{"line":201,"column":null}},"line":190},"24":{"name":"(anonymous_24)","decl":{"start":{"line":192,"column":43},"end":{"line":192,"column":44}},"loc":{"start":{"line":192,"column":55},"end":{"line":192,"column":89}},"line":192},"25":{"name":"(anonymous_25)","decl":{"start":{"line":203,"column":2},"end":{"line":203,"column":17}},"loc":{"start":{"line":203,"column":20},"end":{"line":233,"column":null}},"line":203},"26":{"name":"(anonymous_26)","decl":{"start":{"line":215,"column":40},"end":{"line":215,"column":43}},"loc":{"start":{"line":215,"column":47},"end":{"line":223,"column":9}},"line":215}},"branchMap":{"0":{"loc":{"start":{"line":42,"column":4},"end":{"line":44,"column":null}},"type":"if","locations":[{"start":{"line":42,"column":4},"end":{"line":44,"column":null}},{"start":{},"end":{}}],"line":42},"1":{"loc":{"start":{"line":51,"column":4},"end":{"line":53,"column":null}},"type":"if","locations":[{"start":{"line":51,"column":4},"end":{"line":53,"column":null}},{"start":{},"end":{}}],"line":51},"2":{"loc":{"start":{"line":60,"column":4},"end":{"line":63,"column":null}},"type":"if","locations":[{"start":{"line":60,"column":4},"end":{"line":63,"column":null}},{"start":{},"end":{}}],"line":60},"3":{"loc":{"start":{"line":64,"column":4},"end":{"line":66,"column":null}},"type":"if","locations":[{"start":{"line":64,"column":4},"end":{"line":66,"column":null}},{"start":{},"end":{}}],"line":64},"4":{"loc":{"start":{"line":78,"column":23},"end":{"line":80,"column":null}},"type":"cond-expr","locations":[{"start":{"line":79,"column":8},"end":{"line":79,"column":null}},{"start":{"line":80,"column":8},"end":{"line":80,"column":null}}],"line":78},"5":{"loc":{"start":{"line":83,"column":33},"end":{"line":83,"column":null}},"type":"cond-expr","locations":[{"start":{"line":83,"column":58},"end":{"line":83,"column":69}},{"start":{"line":83,"column":72},"end":{"line":83,"column":null}}],"line":83},"6":{"loc":{"start":{"line":84,"column":26},"end":{"line":84,"column":null}},"type":"binary-expr","locations":[{"start":{"line":84,"column":26},"end":{"line":84,"column":53}},{"start":{"line":84,"column":57},"end":{"line":84,"column":null}}],"line":84},"7":{"loc":{"start":{"line":91,"column":6},"end":{"line":91,"column":null}},"type":"if","locations":[{"start":{"line":91,"column":6},"end":{"line":91,"column":null}},{"start":{},"end":{}}],"line":91},"8":{"loc":{"start":{"line":97,"column":26},"end":{"line":97,"column":51}},"type":"binary-expr","locations":[{"start":{"line":97,"column":26},"end":{"line":97,"column":45}},{"start":{"line":97,"column":49},"end":{"line":97,"column":51}}],"line":97},"9":{"loc":{"start":{"line":99,"column":28},"end":{"line":99,"column":null}},"type":"binary-expr","locations":[{"start":{"line":99,"column":28},"end":{"line":99,"column":45}},{"start":{"line":99,"column":49},"end":{"line":99,"column":null}}],"line":99},"10":{"loc":{"start":{"line":100,"column":27},"end":{"line":100,"column":null}},"type":"binary-expr","locations":[{"start":{"line":100,"column":27},"end":{"line":100,"column":57}},{"start":{"line":100,"column":61},"end":{"line":100,"column":null}}],"line":100},"11":{"loc":{"start":{"line":101,"column":28},"end":{"line":101,"column":null}},"type":"binary-expr","locations":[{"start":{"line":101,"column":28},"end":{"line":101,"column":41}},{"start":{"line":101,"column":45},"end":{"line":101,"column":63}},{"start":{"line":101,"column":67},"end":{"line":101,"column":null}}],"line":101},"12":{"loc":{"start":{"line":103,"column":6},"end":{"line":108,"column":null}},"type":"if","locations":[{"start":{"line":103,"column":6},"end":{"line":108,"column":null}},{"start":{"line":106,"column":13},"end":{"line":108,"column":null}}],"line":103},"13":{"loc":{"start":{"line":103,"column":10},"end":{"line":103,"column":56}},"type":"binary-expr","locations":[{"start":{"line":103,"column":10},"end":{"line":103,"column":23}},{"start":{"line":103,"column":27},"end":{"line":103,"column":39}},{"start":{"line":103,"column":43},"end":{"line":103,"column":56}}],"line":103},"14":{"loc":{"start":{"line":105,"column":36},"end":{"line":105,"column":65}},"type":"binary-expr","locations":[{"start":{"line":105,"column":36},"end":{"line":105,"column":60}},{"start":{"line":105,"column":64},"end":{"line":105,"column":65}}],"line":105},"15":{"loc":{"start":{"line":114,"column":6},"end":{"line":114,"column":null}},"type":"if","locations":[{"start":{"line":114,"column":6},"end":{"line":114,"column":null}},{"start":{},"end":{}}],"line":114},"16":{"loc":{"start":{"line":117,"column":6},"end":{"line":120,"column":null}},"type":"if","locations":[{"start":{"line":117,"column":6},"end":{"line":120,"column":null}},{"start":{},"end":{}}],"line":117},"17":{"loc":{"start":{"line":118,"column":22},"end":{"line":118,"column":null}},"type":"binary-expr","locations":[{"start":{"line":118,"column":22},"end":{"line":118,"column":42}},{"start":{"line":118,"column":46},"end":{"line":118,"column":null}}],"line":118},"18":{"loc":{"start":{"line":123,"column":6},"end":{"line":125,"column":null}},"type":"if","locations":[{"start":{"line":123,"column":6},"end":{"line":125,"column":null}},{"start":{},"end":{}}],"line":123},"19":{"loc":{"start":{"line":124,"column":40},"end":{"line":124,"column":65}},"type":"binary-expr","locations":[{"start":{"line":124,"column":40},"end":{"line":124,"column":60}},{"start":{"line":124,"column":64},"end":{"line":124,"column":65}}],"line":124},"20":{"loc":{"start":{"line":128,"column":6},"end":{"line":130,"column":null}},"type":"if","locations":[{"start":{"line":128,"column":6},"end":{"line":130,"column":null}},{"start":{},"end":{}}],"line":128},"21":{"loc":{"start":{"line":129,"column":50},"end":{"line":129,"column":75}},"type":"binary-expr","locations":[{"start":{"line":129,"column":50},"end":{"line":129,"column":70}},{"start":{"line":129,"column":74},"end":{"line":129,"column":75}}],"line":129},"22":{"loc":{"start":{"line":132,"column":31},"end":{"line":132,"column":null}},"type":"binary-expr","locations":[{"start":{"line":132,"column":31},"end":{"line":132,"column":54}},{"start":{"line":132,"column":58},"end":{"line":132,"column":79}},{"start":{"line":132,"column":83},"end":{"line":132,"column":null}}],"line":132},"23":{"loc":{"start":{"line":133,"column":28},"end":{"line":133,"column":null}},"type":"binary-expr","locations":[{"start":{"line":133,"column":28},"end":{"line":133,"column":48}},{"start":{"line":133,"column":52},"end":{"line":133,"column":null}}],"line":133},"24":{"loc":{"start":{"line":140,"column":14},"end":{"line":140,"column":75}},"type":"cond-expr","locations":[{"start":{"line":140,"column":42},"end":{"line":140,"column":70}},{"start":{"line":140,"column":73},"end":{"line":140,"column":75}}],"line":140},"25":{"loc":{"start":{"line":141,"column":13},"end":{"line":143,"column":31}},"type":"binary-expr","locations":[{"start":{"line":141,"column":13},"end":{"line":143,"column":22}},{"start":{"line":143,"column":26},"end":{"line":143,"column":31}}],"line":141},"26":{"loc":{"start":{"line":144,"column":21},"end":{"line":144,"column":null}},"type":"binary-expr","locations":[{"start":{"line":144,"column":21},"end":{"line":144,"column":48}},{"start":{"line":144,"column":52},"end":{"line":144,"column":null}}],"line":144},"27":{"loc":{"start":{"line":150,"column":11},"end":{"line":150,"column":null}},"type":"binary-expr","locations":[{"start":{"line":150,"column":11},"end":{"line":150,"column":31}},{"start":{"line":150,"column":35},"end":{"line":150,"column":56}},{"start":{"line":150,"column":60},"end":{"line":150,"column":null}}],"line":150},"28":{"loc":{"start":{"line":157,"column":11},"end":{"line":157,"column":null}},"type":"binary-expr","locations":[{"start":{"line":157,"column":11},"end":{"line":157,"column":40}},{"start":{"line":157,"column":44},"end":{"line":157,"column":null}}],"line":157},"29":{"loc":{"start":{"line":162,"column":6},"end":{"line":168,"column":null}},"type":"if","locations":[{"start":{"line":162,"column":6},"end":{"line":168,"column":null}},{"start":{"line":165,"column":13},"end":{"line":168,"column":null}}],"line":162},"30":{"loc":{"start":{"line":174,"column":4},"end":{"line":174,"column":null}},"type":"if","locations":[{"start":{"line":174,"column":4},"end":{"line":174,"column":null}},{"start":{},"end":{}}],"line":174},"31":{"loc":{"start":{"line":174,"column":8},"end":{"line":174,"column":50}},"type":"binary-expr","locations":[{"start":{"line":174,"column":8},"end":{"line":174,"column":31}},{"start":{"line":174,"column":35},"end":{"line":174,"column":50}}],"line":174},"32":{"loc":{"start":{"line":177,"column":6},"end":{"line":179,"column":null}},"type":"binary-expr","locations":[{"start":{"line":177,"column":6},"end":{"line":177,"column":96}},{"start":{"line":178,"column":6},"end":{"line":178,"column":85}},{"start":{"line":179,"column":6},"end":{"line":179,"column":null}}],"line":177},"33":{"loc":{"start":{"line":186,"column":4},"end":{"line":186,"column":null}},"type":"if","locations":[{"start":{"line":186,"column":4},"end":{"line":186,"column":null}},{"start":{},"end":{}}],"line":186},"34":{"loc":{"start":{"line":191,"column":4},"end":{"line":191,"column":null}},"type":"if","locations":[{"start":{"line":191,"column":4},"end":{"line":191,"column":null}},{"start":{},"end":{}}],"line":191},"35":{"loc":{"start":{"line":191,"column":8},"end":{"line":191,"column":33}},"type":"binary-expr","locations":[{"start":{"line":191,"column":8},"end":{"line":191,"column":14}},{"start":{"line":191,"column":18},"end":{"line":191,"column":33}}],"line":191},"36":{"loc":{"start":{"line":193,"column":4},"end":{"line":193,"column":null}},"type":"if","locations":[{"start":{"line":193,"column":4},"end":{"line":193,"column":null}},{"start":{},"end":{}}],"line":193},"37":{"loc":{"start":{"line":195,"column":26},"end":{"line":195,"column":null}},"type":"binary-expr","locations":[{"start":{"line":195,"column":26},"end":{"line":195,"column":46}},{"start":{"line":195,"column":50},"end":{"line":195,"column":null}}],"line":195},"38":{"loc":{"start":{"line":206,"column":6},"end":{"line":206,"column":null}},"type":"if","locations":[{"start":{"line":206,"column":6},"end":{"line":206,"column":null}},{"start":{},"end":{}}],"line":206},"39":{"loc":{"start":{"line":210,"column":6},"end":{"line":212,"column":null}},"type":"if","locations":[{"start":{"line":210,"column":6},"end":{"line":212,"column":null}},{"start":{},"end":{}}],"line":210},"40":{"loc":{"start":{"line":210,"column":10},"end":{"line":210,"column":52}},"type":"binary-expr","locations":[{"start":{"line":210,"column":10},"end":{"line":210,"column":23}},{"start":{"line":210,"column":27},"end":{"line":210,"column":52}}],"line":210},"41":{"loc":{"start":{"line":214,"column":6},"end":{"line":224,"column":null}},"type":"if","locations":[{"start":{"line":214,"column":6},"end":{"line":224,"column":null}},{"start":{},"end":{}}],"line":214},"42":{"loc":{"start":{"line":216,"column":10},"end":{"line":222,"column":null}},"type":"if","locations":[{"start":{"line":216,"column":10},"end":{"line":222,"column":null}},{"start":{"line":219,"column":17},"end":{"line":222,"column":null}}],"line":216},"43":{"loc":{"start":{"line":225,"column":6},"end":{"line":227,"column":null}},"type":"if","locations":[{"start":{"line":225,"column":6},"end":{"line":227,"column":null}},{"start":{},"end":{}}],"line":225},"44":{"loc":{"start":{"line":225,"column":10},"end":{"line":225,"column":101}},"type":"binary-expr","locations":[{"start":{"line":225,"column":10},"end":{"line":225,"column":36}},{"start":{"line":225,"column":40},"end":{"line":225,"column":101}}],"line":225}},"s":{"0":1,"1":1,"2":4,"3":4,"4":4,"5":4,"6":0,"7":0,"8":1,"9":1,"10":2,"11":4,"12":4,"13":2,"14":2,"15":2,"16":1,"17":2,"18":2,"19":0,"20":0,"21":0,"22":0,"23":0,"24":0,"25":0,"26":0,"27":0,"28":0,"29":0,"30":0,"31":0,"32":0,"33":1,"34":1,"35":8,"36":8,"37":8,"38":8,"39":8,"40":8,"41":8,"42":16,"43":16,"44":16,"45":8,"46":16,"47":16,"48":16,"49":16,"50":16,"51":16,"52":16,"53":9,"54":9,"55":7,"56":8,"57":16,"58":16,"59":0,"60":16,"61":16,"62":0,"63":0,"64":16,"65":16,"66":16,"67":16,"68":16,"69":0,"70":16,"71":16,"72":16,"73":4,"74":8,"75":4,"76":34,"77":8,"78":12,"79":8,"80":4,"81":8,"82":4,"83":4,"84":4,"85":4,"86":8,"87":8,"88":4,"89":4,"90":8,"91":8,"92":34,"93":0,"94":34,"95":1,"96":0,"97":1,"98":2,"99":1,"100":0,"101":1,"102":1,"103":4,"104":4,"105":4,"106":4,"107":0,"108":0,"109":0,"110":0,"111":0,"112":0,"113":0,"114":0,"115":0,"116":0,"117":0,"118":0,"119":0},"f":{"0":4,"1":0,"2":0,"3":1,"4":2,"5":4,"6":0,"7":0,"8":0,"9":1,"10":8,"11":16,"12":16,"13":16,"14":4,"15":8,"16":34,"17":8,"18":12,"19":4,"20":8,"21":8,"22":34,"23":1,"24":2,"25":4,"26":0},"b":{"0":[1,1],"1":[0,0],"2":[0,0],"3":[0,0],"4":[8,0],"5":[7,1],"6":[8,8],"7":[16,0],"8":[16,0],"9":[16,2],"10":[16,14],"11":[16,2,2],"12":[9,7],"13":[16,15,9],"14":[9,9],"15":[0,16],"16":[0,16],"17":[0,0],"18":[16,0],"19":[16,7],"20":[0,16],"21":[0,0],"22":[16,14,14],"23":[16,0],"24":[4,0],"25":[4,0],"26":[4,4],"27":[34,0,0],"28":[8,0],"29":[4,4],"30":[4,4],"31":[8,7],"32":[4,4,0],"33":[0,34],"34":[0,1],"35":[1,1],"36":[0,1],"37":[1,0],"38":[4,0],"39":[0,0],"40":[0,0],"41":[0,0],"42":[0,0],"43":[0,0],"44":[0,0]},"meta":{"lastBranch":45,"lastFunction":27,"lastStatement":120,"seen":{"s:6:19:6:Infinity":0,"s:8:18:11:Infinity":1,"f:13:2:13:9":0,"s:14:4:14:Infinity":2,"s:15:4:15:Infinity":3,"s:16:4:16:Infinity":4,"s:17:4:17:Infinity":5,"f:20:2:20:12":1,"s:21:4:21:Infinity":6,"f:24:2:24:14":2,"s:25:4:25:Infinity":7,"f:28:2:28:8":3,"s:29:4:29:Infinity":8,"s:30:4:30:Infinity":9,"f:33:2:33:13":4,"s:35:4:38:Infinity":10,"f:35:36:35:39":5,"s:36:6:36:Infinity":11,"s:37:6:37:Infinity":12,"s:39:4:39:Infinity":13,"s:40:4:40:Infinity":14,"b:42:4:44:Infinity:undefined:undefined:undefined:undefined":0,"s:42:4:44:Infinity":15,"s:43:6:43:Infinity":16,"s:46:4:46:Infinity":17,"s:47:4:47:Infinity":18,"f:50:2:50:14":6,"b:51:4:53:Infinity:undefined:undefined:undefined:undefined":1,"s:51:4:53:Infinity":19,"s:52:6:52:Infinity":20,"s:54:4:57:Infinity":21,"f:54:36:54:39":7,"s:55:6:55:Infinity":22,"s:56:6:56:Infinity":23,"s:59:19:59:Infinity":24,"f:59:48:59:51":8,"s:59:55:59:82":25,"b:60:4:63:Infinity:undefined:undefined:undefined:undefined":2,"s:60:4:63:Infinity":26,"s:61:6:61:Infinity":27,"s:62:6:62:Infinity":28,"b:64:4:66:Infinity:undefined:undefined:undefined:undefined":3,"s:64:4:66:Infinity":29,"s:65:6:65:Infinity":30,"s:68:4:68:Infinity":31,"s:69:4:69:Infinity":32,"f:72:2:72:14":9,"s:73:4:73:Infinity":33,"s:74:4:74:Infinity":34,"f:77:2:77:14":10,"s:78:23:80:Infinity":35,"b:79:8:79:Infinity:80:8:80:Infinity":4,"s:82:24:82:Infinity":36,"s:83:33:83:Infinity":37,"b:83:58:83:69:83:72:83:Infinity":5,"s:84:26:84:Infinity":38,"b:84:26:84:53:84:57:84:Infinity":6,"s:85:24:85:Infinity":39,"s:87:26:87:Infinity":40,"s:89:4:92:Infinity":41,"f:89:31:89:37":11,"s:90:20:90:Infinity":42,"b:91:6:91:Infinity:undefined:undefined:undefined:undefined":7,"s:91:6:91:Infinity":43,"s:91:17:91:Infinity":44,"s:94:4:109:Infinity":45,"f:94:29:94:33":12,"s:95:24:95:Infinity":46,"s:96:23:96:Infinity":47,"s:97:25:97:Infinity":48,"b:97:26:97:45:97:49:97:51":8,"s:99:28:99:Infinity":49,"b:99:28:99:45:99:49:99:Infinity":9,"s:100:27:100:Infinity":50,"b:100:27:100:57:100:61:100:Infinity":10,"s:101:28:101:Infinity":51,"b:101:28:101:41:101:45:101:63:101:67:101:Infinity":11,"b:103:6:108:Infinity:106:13:108:Infinity":12,"s:103:6:108:Infinity":52,"b:103:10:103:23:103:27:103:39:103:43:103:56":13,"s:104:8:104:Infinity":53,"s:105:8:105:Infinity":54,"b:105:36:105:60:105:64:105:65":14,"s:107:8:107:Infinity":55,"s:112:4:135:Infinity":56,"f:112:31:112:37":13,"s:113:20:113:Infinity":57,"b:114:6:114:Infinity:undefined:undefined:undefined:undefined":15,"s:114:6:114:Infinity":58,"s:114:18:114:Infinity":59,"s:116:25:116:Infinity":60,"b:117:6:120:Infinity:undefined:undefined:undefined:undefined":16,"s:117:6:120:Infinity":61,"s:118:22:118:Infinity":62,"b:118:22:118:42:118:46:118:Infinity":17,"s:119:8:119:Infinity":63,"s:122:25:122:Infinity":64,"b:123:6:125:Infinity:undefined:undefined:undefined:undefined":18,"s:123:6:125:Infinity":65,"s:124:8:124:Infinity":66,"b:124:40:124:60:124:64:124:65":19,"s:127:35:127:Infinity":67,"b:128:6:130:Infinity:undefined:undefined:undefined:undefined":20,"s:128:6:130:Infinity":68,"s:129:8:129:Infinity":69,"b:129:50:129:70:129:74:129:75":21,"s:132:31:132:Infinity":70,"b:132:31:132:54:132:58:132:79:132:83:132:Infinity":22,"s:133:28:133:Infinity":71,"b:133:28:133:48:133:52:133:Infinity":23,"s:134:6:134:Infinity":72,"f:138:2:138:12":14,"s:139:19:145:Infinity":73,"b:140:42:140:70:140:73:140:75":24,"b:141:13:143:22:143:26:143:31":25,"f:141:42:141:45":15,"s:142:8:142:Infinity":74,"b:144:21:144:48:144:52:144:Infinity":26,"s:146:4:146:Infinity":75,"f:149:2:149:13":16,"s:150:4:150:Infinity":76,"b:150:11:150:31:150:35:150:56:150:60:150:Infinity":27,"f:153:2:153:19":17,"s:154:27:156:Infinity":77,"f:154:56:154:59":18,"s:155:6:155:Infinity":78,"s:157:4:157:Infinity":79,"b:157:11:157:40:157:44:157:Infinity":28,"f:160:2:160:22":19,"s:161:4:169:Infinity":80,"f:161:36:161:39":20,"b:162:6:168:Infinity:165:13:168:Infinity":29,"s:162:6:168:Infinity":81,"s:163:8:163:Infinity":82,"s:164:8:164:Infinity":83,"s:166:8:166:Infinity":84,"s:167:8:167:Infinity":85,"f:172:2:172:21":21,"s:173:18:173:Infinity":86,"b:174:4:174:Infinity:undefined:undefined:undefined:undefined":30,"s:174:4:174:Infinity":87,"b:174:8:174:31:174:35:174:50":31,"s:174:52:174:Infinity":88,"s:177:6:179:Infinity":89,"b:177:6:177:96:178:6:178:85:179:6:179:Infinity":32,"s:181:4:181:Infinity":90,"s:182:4:182:Infinity":91,"f:185:2:185:17":22,"b:186:4:186:Infinity:undefined:undefined:undefined:undefined":33,"s:186:4:186:Infinity":92,"s:186:49:186:Infinity":93,"s:187:4:187:Infinity":94,"f:190:2:190:13":23,"b:191:4:191:Infinity:undefined:undefined:undefined:undefined":34,"s:191:4:191:Infinity":95,"b:191:8:191:14:191:18:191:33":35,"s:191:35:191:Infinity":96,"s:192:19:192:Infinity":97,"f:192:43:192:44":24,"s:192:55:192:89":98,"b:193:4:193:Infinity:undefined:undefined:undefined:undefined":36,"s:193:4:193:Infinity":99,"s:193:17:193:Infinity":100,"s:195:26:195:Infinity":101,"b:195:26:195:46:195:50:195:Infinity":37,"s:196:4:200:Infinity":102,"f:203:2:203:17":25,"s:204:4:232:Infinity":103,"s:205:20:205:Infinity":104,"b:206:6:206:Infinity:undefined:undefined:undefined:undefined":38,"s:206:6:206:Infinity":105,"s:206:18:206:Infinity":106,"s:208:21:208:Infinity":107,"b:210:6:212:Infinity:undefined:undefined:undefined:undefined":39,"s:210:6:212:Infinity":108,"b:210:10:210:23:210:27:210:52":40,"s:211:8:211:Infinity":109,"b:214:6:224:Infinity:undefined:undefined:undefined:undefined":41,"s:214:6:224:Infinity":110,"s:215:8:223:Infinity":111,"f:215:40:215:43":26,"b:216:10:222:Infinity:219:17:222:Infinity":42,"s:216:10:222:Infinity":112,"s:217:12:217:Infinity":113,"s:218:12:218:Infinity":114,"s:220:12:220:Infinity":115,"s:221:12:221:Infinity":116,"b:225:6:227:Infinity:undefined:undefined:undefined:undefined":43,"s:225:6:227:Infinity":117,"b:225:10:225:36:225:40:225:101":44,"s:226:8:226:Infinity":118,"s:229:6:229:Infinity":119}}}
,"/Users/izaias/www/personal-projects/forge/app/javascript/controllers/bulk_actions_controller.js": {"path":"/Users/izaias/www/personal-projects/forge/app/javascript/controllers/bulk_actions_controller.js","statementMap":{"0":{"start":{"line":5,"column":19},"end":{"line":5,"column":null}},"1":{"start":{"line":6,"column":18},"end":{"line":6,"column":null}},"2":{"start":{"line":9,"column":4},"end":{"line":9,"column":null}},"3":{"start":{"line":13,"column":20},"end":{"line":13,"column":null}},"4":{"start":{"line":14,"column":4},"end":{"line":16,"column":null}},"5":{"start":{"line":15,"column":6},"end":{"line":15,"column":null}},"6":{"start":{"line":17,"column":4},"end":{"line":17,"column":null}},"7":{"start":{"line":21,"column":25},"end":{"line":21,"column":null}},"8":{"start":{"line":21,"column":59},"end":{"line":21,"column":69}},"9":{"start":{"line":22,"column":4},"end":{"line":22,"column":null}},"10":{"start":{"line":22,"column":48},"end":{"line":22,"column":56}},"11":{"start":{"line":23,"column":4},"end":{"line":23,"column":null}},"12":{"start":{"line":27,"column":18},"end":{"line":27,"column":null}},"13":{"start":{"line":28,"column":25},"end":{"line":28,"column":null}},"14":{"start":{"line":31,"column":4},"end":{"line":33,"column":null}},"15":{"start":{"line":32,"column":6},"end":{"line":32,"column":null}},"16":{"start":{"line":36,"column":4},"end":{"line":38,"column":null}},"17":{"start":{"line":37,"column":6},"end":{"line":37,"column":null}},"18":{"start":{"line":41,"column":4},"end":{"line":48,"column":null}},"19":{"start":{"line":42,"column":25},"end":{"line":43,"column":null}},"20":{"start":{"line":43,"column":57},"end":{"line":43,"column":67}},"21":{"start":{"line":44,"column":26},"end":{"line":44,"column":null}},"22":{"start":{"line":44,"column":58},"end":{"line":44,"column":68}},"23":{"start":{"line":46,"column":6},"end":{"line":46,"column":null}},"24":{"start":{"line":47,"column":6},"end":{"line":47,"column":null}},"25":{"start":{"line":51,"column":4},"end":{"line":53,"column":null}},"26":{"start":{"line":52,"column":6},"end":{"line":52,"column":null}},"27":{"start":{"line":57,"column":4},"end":{"line":57,"column":null}},"28":{"start":{"line":57,"column":41},"end":{"line":57,"column":null}},"29":{"start":{"line":59,"column":4},"end":{"line":61,"column":null}},"30":{"start":{"line":60,"column":6},"end":{"line":60,"column":null}},"31":{"start":{"line":65,"column":4},"end":{"line":67,"column":null}},"32":{"start":{"line":66,"column":6},"end":{"line":66,"column":null}},"33":{"start":{"line":71,"column":4},"end":{"line":74,"column":null}},"34":{"start":{"line":72,"column":6},"end":{"line":72,"column":null}},"35":{"start":{"line":73,"column":6},"end":{"line":73,"column":null}},"36":{"start":{"line":76,"column":4},"end":{"line":100,"column":null}},"37":{"start":{"line":77,"column":23},"end":{"line":85,"column":null}},"38":{"start":{"line":87,"column":6},"end":{"line":96,"column":null}},"39":{"start":{"line":88,"column":21},"end":{"line":88,"column":null}},"40":{"start":{"line":89,"column":8},"end":{"line":89,"column":null}},"41":{"start":{"line":90,"column":8},"end":{"line":90,"column":null}},"42":{"start":{"line":91,"column":8},"end":{"line":91,"column":null}},"43":{"start":{"line":92,"column":8},"end":{"line":92,"column":null}},"44":{"start":{"line":94,"column":8},"end":{"line":94,"column":null}},"45":{"start":{"line":95,"column":8},"end":{"line":95,"column":null}},"46":{"start":{"line":98,"column":6},"end":{"line":98,"column":null}},"47":{"start":{"line":99,"column":6},"end":{"line":99,"column":null}},"48":{"start":{"line":104,"column":4},"end":{"line":104,"column":null}},"49":{"start":{"line":108,"column":4},"end":{"line":108,"column":null}}},"fnMap":{"0":{"name":"(anonymous_0)","decl":{"start":{"line":8,"column":2},"end":{"line":8,"column":9}},"loc":{"start":{"line":8,"column":12},"end":{"line":10,"column":null}},"line":8},"1":{"name":"(anonymous_1)","decl":{"start":{"line":12,"column":2},"end":{"line":12,"column":11}},"loc":{"start":{"line":12,"column":19},"end":{"line":18,"column":null}},"line":12},"2":{"name":"(anonymous_2)","decl":{"start":{"line":14,"column":33},"end":{"line":14,"column":41}},"loc":{"start":{"line":14,"column":45},"end":{"line":16,"column":5}},"line":14},"3":{"name":"(anonymous_3)","decl":{"start":{"line":20,"column":2},"end":{"line":20,"column":17}},"loc":{"start":{"line":20,"column":20},"end":{"line":24,"column":null}},"line":20},"4":{"name":"(anonymous_4)","decl":{"start":{"line":21,"column":53},"end":{"line":21,"column":55}},"loc":{"start":{"line":21,"column":59},"end":{"line":21,"column":69}},"line":21},"5":{"name":"(anonymous_5)","decl":{"start":{"line":22,"column":42},"end":{"line":22,"column":44}},"loc":{"start":{"line":22,"column":48},"end":{"line":22,"column":56}},"line":22},"6":{"name":"(anonymous_6)","decl":{"start":{"line":26,"column":2},"end":{"line":26,"column":10}},"loc":{"start":{"line":26,"column":13},"end":{"line":54,"column":null}},"line":26},"7":{"name":"(anonymous_7)","decl":{"start":{"line":43,"column":51},"end":{"line":43,"column":53}},"loc":{"start":{"line":43,"column":57},"end":{"line":43,"column":67}},"line":43},"8":{"name":"(anonymous_8)","decl":{"start":{"line":44,"column":52},"end":{"line":44,"column":54}},"loc":{"start":{"line":44,"column":58},"end":{"line":44,"column":68}},"line":44},"9":{"name":"(anonymous_9)","decl":{"start":{"line":56,"column":2},"end":{"line":56,"column":17}},"loc":{"start":{"line":56,"column":20},"end":{"line":62,"column":null}},"line":56},"10":{"name":"(anonymous_10)","decl":{"start":{"line":64,"column":2},"end":{"line":64,"column":17}},"loc":{"start":{"line":64,"column":20},"end":{"line":68,"column":null}},"line":64},"11":{"name":"(anonymous_11)","decl":{"start":{"line":70,"column":8},"end":{"line":70,"column":21}},"loc":{"start":{"line":70,"column":24},"end":{"line":101,"column":null}},"line":70},"12":{"name":"(anonymous_12)","decl":{"start":{"line":103,"column":2},"end":{"line":103,"column":22}},"loc":{"start":{"line":103,"column":25},"end":{"line":105,"column":null}},"line":103},"13":{"name":"(anonymous_13)","decl":{"start":{"line":107,"column":2},"end":{"line":107,"column":17}},"loc":{"start":{"line":107,"column":25},"end":{"line":109,"column":null}},"line":107}},"branchMap":{"0":{"loc":{"start":{"line":31,"column":4},"end":{"line":33,"column":null}},"type":"if","locations":[{"start":{"line":31,"column":4},"end":{"line":33,"column":null}},{"start":{},"end":{}}],"line":31},"1":{"loc":{"start":{"line":36,"column":4},"end":{"line":38,"column":null}},"type":"if","locations":[{"start":{"line":36,"column":4},"end":{"line":38,"column":null}},{"start":{},"end":{}}],"line":36},"2":{"loc":{"start":{"line":41,"column":4},"end":{"line":48,"column":null}},"type":"if","locations":[{"start":{"line":41,"column":4},"end":{"line":48,"column":null}},{"start":{},"end":{}}],"line":41},"3":{"loc":{"start":{"line":42,"column":25},"end":{"line":43,"column":null}},"type":"binary-expr","locations":[{"start":{"line":42,"column":25},"end":{"line":42,"column":56}},{"start":{"line":43,"column":24},"end":{"line":43,"column":null}}],"line":42},"4":{"loc":{"start":{"line":47,"column":43},"end":{"line":47,"column":null}},"type":"binary-expr","locations":[{"start":{"line":47,"column":43},"end":{"line":47,"column":54}},{"start":{"line":47,"column":58},"end":{"line":47,"column":null}}],"line":47},"5":{"loc":{"start":{"line":51,"column":4},"end":{"line":53,"column":null}},"type":"if","locations":[{"start":{"line":51,"column":4},"end":{"line":53,"column":null}},{"start":{},"end":{}}],"line":51},"6":{"loc":{"start":{"line":57,"column":4},"end":{"line":57,"column":null}},"type":"if","locations":[{"start":{"line":57,"column":4},"end":{"line":57,"column":null}},{"start":{},"end":{}}],"line":57},"7":{"loc":{"start":{"line":59,"column":4},"end":{"line":61,"column":null}},"type":"if","locations":[{"start":{"line":59,"column":4},"end":{"line":61,"column":null}},{"start":{},"end":{}}],"line":59},"8":{"loc":{"start":{"line":65,"column":4},"end":{"line":67,"column":null}},"type":"if","locations":[{"start":{"line":65,"column":4},"end":{"line":67,"column":null}},{"start":{},"end":{}}],"line":65},"9":{"loc":{"start":{"line":71,"column":4},"end":{"line":74,"column":null}},"type":"if","locations":[{"start":{"line":71,"column":4},"end":{"line":74,"column":null}},{"start":{},"end":{}}],"line":71},"10":{"loc":{"start":{"line":87,"column":6},"end":{"line":96,"column":null}},"type":"if","locations":[{"start":{"line":87,"column":6},"end":{"line":96,"column":null}},{"start":{"line":93,"column":13},"end":{"line":96,"column":null}}],"line":87}},"s":{"0":1,"1":1,"2":17,"3":2,"4":2,"5":4,"6":2,"7":10,"8":20,"9":10,"10":10,"11":10,"12":61,"13":61,"14":61,"15":61,"16":61,"17":61,"18":61,"19":61,"20":75,"21":61,"22":108,"23":61,"24":61,"25":61,"26":61,"27":2,"28":1,"29":1,"30":1,"31":2,"32":2,"33":1,"34":0,"35":0,"36":1,"37":1,"38":1,"39":1,"40":1,"41":1,"42":1,"43":1,"44":0,"45":0,"46":0,"47":0,"48":33,"49":1},"f":{"0":17,"1":2,"2":4,"3":10,"4":20,"5":10,"6":61,"7":75,"8":108,"9":2,"10":2,"11":1,"12":33,"13":1},"b":{"0":[61,0],"1":[61,0],"2":[61,0],"3":[61,61],"4":[61,14],"5":[61,0],"6":[1,1],"7":[1,0],"8":[2,0],"9":[0,1],"10":[1,0]},"meta":{"lastBranch":11,"lastFunction":14,"lastStatement":50,"seen":{"s:5:19:5:Infinity":0,"s:6:18:6:Infinity":1,"f:8:2:8:9":0,"s:9:4:9:Infinity":2,"f:12:2:12:11":1,"s:13:20:13:Infinity":3,"s:14:4:16:Infinity":4,"f:14:33:14:41":2,"s:15:6:15:Infinity":5,"s:17:4:17:Infinity":6,"f:20:2:20:17":3,"s:21:25:21:Infinity":7,"f:21:53:21:55":4,"s:21:59:21:69":8,"s:22:4:22:Infinity":9,"f:22:42:22:44":5,"s:22:48:22:56":10,"s:23:4:23:Infinity":11,"f:26:2:26:10":6,"s:27:18:27:Infinity":12,"s:28:25:28:Infinity":13,"b:31:4:33:Infinity:undefined:undefined:undefined:undefined":0,"s:31:4:33:Infinity":14,"s:32:6:32:Infinity":15,"b:36:4:38:Infinity:undefined:undefined:undefined:undefined":1,"s:36:4:38:Infinity":16,"s:37:6:37:Infinity":17,"b:41:4:48:Infinity:undefined:undefined:undefined:undefined":2,"s:41:4:48:Infinity":18,"s:42:25:43:Infinity":19,"b:42:25:42:56:43:24:43:Infinity":3,"f:43:51:43:53":7,"s:43:57:43:67":20,"s:44:26:44:Infinity":21,"f:44:52:44:54":8,"s:44:58:44:68":22,"s:46:6:46:Infinity":23,"s:47:6:47:Infinity":24,"b:47:43:47:54:47:58:47:Infinity":4,"b:51:4:53:Infinity:undefined:undefined:undefined:undefined":5,"s:51:4:53:Infinity":25,"s:52:6:52:Infinity":26,"f:56:2:56:17":9,"b:57:4:57:Infinity:undefined:undefined:undefined:undefined":6,"s:57:4:57:Infinity":27,"s:57:41:57:Infinity":28,"b:59:4:61:Infinity:undefined:undefined:undefined:undefined":7,"s:59:4:61:Infinity":29,"s:60:6:60:Infinity":30,"f:64:2:64:17":10,"b:65:4:67:Infinity:undefined:undefined:undefined:undefined":8,"s:65:4:67:Infinity":31,"s:66:6:66:Infinity":32,"f:70:8:70:21":11,"b:71:4:74:Infinity:undefined:undefined:undefined:undefined":9,"s:71:4:74:Infinity":33,"s:72:6:72:Infinity":34,"s:73:6:73:Infinity":35,"s:76:4:100:Infinity":36,"s:77:23:85:Infinity":37,"b:87:6:96:Infinity:93:13:96:Infinity":10,"s:87:6:96:Infinity":38,"s:88:21:88:Infinity":39,"s:89:8:89:Infinity":40,"s:90:8:90:Infinity":41,"s:91:8:91:Infinity":42,"s:92:8:92:Infinity":43,"s:94:8:94:Infinity":44,"s:95:8:95:Infinity":45,"s:98:6:98:Infinity":46,"s:99:6:99:Infinity":47,"f:103:2:103:22":12,"s:104:4:104:Infinity":48,"f:107:2:107:17":13,"s:108:4:108:Infinity":49}}}
,"/Users/izaias/www/personal-projects/forge/app/javascript/controllers/cli_client_icon_controller.js": {"path":"/Users/izaias/www/personal-projects/forge/app/javascript/controllers/cli_client_icon_controller.js","statementMap":{"0":{"start":{"line":4,"column":17},"end":{"line":8,"column":null}},"1":{"start":{"line":11,"column":19},"end":{"line":11,"column":null}},"2":{"start":{"line":12,"column":26},"end":{"line":12,"column":null}},"3":{"start":{"line":14,"column":4},"end":{"line":19,"column":null}},"4":{"start":{"line":15,"column":26},"end":{"line":15,"column":null}},"5":{"start":{"line":16,"column":24},"end":{"line":16,"column":null}},"6":{"start":{"line":17,"column":22},"end":{"line":17,"column":null}},"7":{"start":{"line":18,"column":6},"end":{"line":18,"column":null}}},"fnMap":{"0":{"name":"(anonymous_0)","decl":{"start":{"line":10,"column":2},"end":{"line":10,"column":8}},"loc":{"start":{"line":10,"column":16},"end":{"line":20,"column":null}},"line":10}},"branchMap":{"0":{"loc":{"start":{"line":14,"column":4},"end":{"line":19,"column":null}},"type":"if","locations":[{"start":{"line":14,"column":4},"end":{"line":19,"column":null}},{"start":{},"end":{}}],"line":14},"1":{"loc":{"start":{"line":14,"column":8},"end":{"line":14,"column":55}},"type":"binary-expr","locations":[{"start":{"line":14,"column":8},"end":{"line":14,"column":21}},{"start":{"line":14,"column":25},"end":{"line":14,"column":55}}],"line":14},"2":{"loc":{"start":{"line":16,"column":24},"end":{"line":16,"column":null}},"type":"binary-expr","locations":[{"start":{"line":16,"column":24},"end":{"line":16,"column":84}},{"start":{"line":16,"column":88},"end":{"line":16,"column":null}}],"line":16}},"s":{"0":1,"1":3,"2":3,"3":3,"4":2,"5":2,"6":2,"7":2},"f":{"0":3},"b":{"0":[2,1],"1":[3,3],"2":[2,2]},"meta":{"lastBranch":3,"lastFunction":1,"lastStatement":8,"seen":{"s:4:17:8:Infinity":0,"f:10:2:10:8":0,"s:11:19:11:Infinity":1,"s:12:26:12:Infinity":2,"b:14:4:19:Infinity:undefined:undefined:undefined:undefined":0,"s:14:4:19:Infinity":3,"b:14:8:14:21:14:25:14:55":1,"s:15:26:15:Infinity":4,"s:16:24:16:Infinity":5,"b:16:24:16:84:16:88:16:Infinity":2,"s:17:22:17:Infinity":6,"s:18:6:18:Infinity":7}}}
,"/Users/izaias/www/personal-projects/forge/app/javascript/controllers/comment_checklist_controller.js": {"path":"/Users/izaias/www/personal-projects/forge/app/javascript/controllers/comment_checklist_controller.js","statementMap":{"0":{"start":{"line":4,"column":19},"end":{"line":4,"column":null}},"1":{"start":{"line":5,"column":18},"end":{"line":8,"column":null}},"2":{"start":{"line":11,"column":4},"end":{"line":11,"column":null}},"3":{"start":{"line":12,"column":4},"end":{"line":12,"column":null}},"4":{"start":{"line":17,"column":21},"end":{"line":17,"column":null}},"5":{"start":{"line":18,"column":22},"end":{"line":18,"column":null}},"6":{"start":{"line":19,"column":27},"end":{"line":19,"column":null}},"7":{"start":{"line":22,"column":4},"end":{"line":22,"column":null}},"8":{"start":{"line":23,"column":4},"end":{"line":23,"column":null}},"9":{"start":{"line":24,"column":4},"end":{"line":24,"column":null}},"10":{"start":{"line":32,"column":4},"end":{"line":32,"column":null}},"11":{"start":{"line":33,"column":4},"end":{"line":39,"column":null}},"12":{"start":{"line":34,"column":6},"end":{"line":38,"column":null}},"13":{"start":{"line":35,"column":8},"end":{"line":35,"column":null}},"14":{"start":{"line":36,"column":31},"end":{"line":36,"column":null}},"15":{"start":{"line":37,"column":8},"end":{"line":37,"column":null}},"16":{"start":{"line":40,"column":4},"end":{"line":40,"column":null}},"17":{"start":{"line":41,"column":4},"end":{"line":41,"column":null}},"18":{"start":{"line":46,"column":4},"end":{"line":46,"column":null}},"19":{"start":{"line":47,"column":4},"end":{"line":51,"column":null}},"20":{"start":{"line":48,"column":6},"end":{"line":48,"column":null}},"21":{"start":{"line":49,"column":29},"end":{"line":49,"column":null}},"22":{"start":{"line":50,"column":6},"end":{"line":50,"column":null}},"23":{"start":{"line":52,"column":4},"end":{"line":52,"column":null}},"24":{"start":{"line":53,"column":4},"end":{"line":53,"column":null}},"25":{"start":{"line":58,"column":4},"end":{"line":58,"column":null}},"26":{"start":{"line":59,"column":23},"end":{"line":59,"column":null}},"27":{"start":{"line":61,"column":4},"end":{"line":65,"column":null}},"28":{"start":{"line":62,"column":6},"end":{"line":62,"column":null}},"29":{"start":{"line":64,"column":6},"end":{"line":64,"column":null}},"30":{"start":{"line":67,"column":4},"end":{"line":67,"column":null}},"31":{"start":{"line":72,"column":4},"end":{"line":72,"column":null}},"32":{"start":{"line":72,"column":45},"end":{"line":72,"column":55}},"33":{"start":{"line":77,"column":4},"end":{"line":77,"column":null}},"34":{"start":{"line":77,"column":45},"end":{"line":77,"column":57}},"35":{"start":{"line":82,"column":33},"end":{"line":82,"column":null}},"36":{"start":{"line":82,"column":67},"end":{"line":82,"column":79}},"37":{"start":{"line":83,"column":4},"end":{"line":84,"column":null}},"38":{"start":{"line":84,"column":44},"end":{"line":84,"column":54}},"39":{"start":{"line":89,"column":4},"end":{"line":91,"column":null}},"40":{"start":{"line":90,"column":20},"end":{"line":90,"column":30}},"41":{"start":{"line":91,"column":17},"end":{"line":91,"column":37}},"42":{"start":{"line":96,"column":4},"end":{"line":98,"column":null}},"43":{"start":{"line":97,"column":6},"end":{"line":97,"column":null}},"44":{"start":{"line":103,"column":4},"end":{"line":112,"column":null}},"45":{"start":{"line":104,"column":24},"end":{"line":104,"column":null}},"46":{"start":{"line":105,"column":6},"end":{"line":105,"column":null}},"47":{"start":{"line":107,"column":6},"end":{"line":111,"column":null}},"48":{"start":{"line":108,"column":8},"end":{"line":108,"column":null}},"49":{"start":{"line":110,"column":8},"end":{"line":110,"column":null}},"50":{"start":{"line":116,"column":4},"end":{"line":116,"column":null}},"51":{"start":{"line":121,"column":4},"end":{"line":124,"column":null}},"52":{"start":{"line":122,"column":25},"end":{"line":122,"column":null}},"53":{"start":{"line":123,"column":6},"end":{"line":123,"column":null}},"54":{"start":{"line":129,"column":4},"end":{"line":129,"column":null}},"55":{"start":{"line":129,"column":25},"end":{"line":129,"column":null}},"56":{"start":{"line":131,"column":4},"end":{"line":135,"column":null}},"57":{"start":{"line":132,"column":6},"end":{"line":132,"column":null}},"58":{"start":{"line":134,"column":6},"end":{"line":134,"column":null}},"59":{"start":{"line":140,"column":4},"end":{"line":143,"column":null}},"60":{"start":{"line":149,"column":4},"end":{"line":152,"column":null}},"61":{"start":{"line":150,"column":6},"end":{"line":150,"column":null}},"62":{"start":{"line":151,"column":6},"end":{"line":151,"column":null}},"63":{"start":{"line":154,"column":4},"end":{"line":156,"column":null}},"64":{"start":{"line":155,"column":6},"end":{"line":155,"column":null}},"65":{"start":{"line":161,"column":4},"end":{"line":161,"column":null}},"66":{"start":{"line":161,"column":29},"end":{"line":161,"column":null}},"67":{"start":{"line":164,"column":4},"end":{"line":164,"column":null}},"68":{"start":{"line":164,"column":85},"end":{"line":164,"column":99}},"69":{"start":{"line":167,"column":4},"end":{"line":173,"column":null}},"70":{"start":{"line":168,"column":20},"end":{"line":168,"column":null}},"71":{"start":{"line":169,"column":6},"end":{"line":169,"column":null}},"72":{"start":{"line":170,"column":6},"end":{"line":170,"column":null}},"73":{"start":{"line":171,"column":6},"end":{"line":171,"column":null}},"74":{"start":{"line":172,"column":6},"end":{"line":172,"column":null}},"75":{"start":{"line":175,"column":4},"end":{"line":179,"column":null}},"76":{"start":{"line":176,"column":6},"end":{"line":176,"column":null}},"77":{"start":{"line":178,"column":6},"end":{"line":178,"column":null}},"78":{"start":{"line":178,"column":96},"end":{"line":178,"column":110}},"79":{"start":{"line":183,"column":4},"end":{"line":183,"column":null}},"80":{"start":{"line":187,"column":4},"end":{"line":187,"column":null}},"81":{"start":{"line":191,"column":16},"end":{"line":191,"column":null}},"82":{"start":{"line":192,"column":4},"end":{"line":197,"column":null}},"83":{"start":{"line":193,"column":6},"end":{"line":193,"column":null}},"84":{"start":{"line":194,"column":6},"end":{"line":194,"column":null}},"85":{"start":{"line":195,"column":6},"end":{"line":195,"column":null}},"86":{"start":{"line":196,"column":6},"end":{"line":196,"column":null}},"87":{"start":{"line":198,"column":4},"end":{"line":198,"column":null}}},"fnMap":{"0":{"name":"(anonymous_0)","decl":{"start":{"line":10,"column":2},"end":{"line":10,"column":9}},"loc":{"start":{"line":10,"column":12},"end":{"line":13,"column":null}},"line":10},"1":{"name":"(anonymous_1)","decl":{"start":{"line":16,"column":8},"end":{"line":16,"column":14}},"loc":{"start":{"line":16,"column":22},"end":{"line":28,"column":null}},"line":16},"2":{"name":"(anonymous_2)","decl":{"start":{"line":31,"column":2},"end":{"line":31,"column":11}},"loc":{"start":{"line":31,"column":19},"end":{"line":42,"column":null}},"line":31},"3":{"name":"(anonymous_3)","decl":{"start":{"line":33,"column":33},"end":{"line":33,"column":41}},"loc":{"start":{"line":33,"column":45},"end":{"line":39,"column":5}},"line":33},"4":{"name":"(anonymous_4)","decl":{"start":{"line":45,"column":2},"end":{"line":45,"column":13}},"loc":{"start":{"line":45,"column":21},"end":{"line":54,"column":null}},"line":45},"5":{"name":"(anonymous_5)","decl":{"start":{"line":47,"column":33},"end":{"line":47,"column":41}},"loc":{"start":{"line":47,"column":45},"end":{"line":51,"column":5}},"line":47},"6":{"name":"(anonymous_6)","decl":{"start":{"line":57,"column":2},"end":{"line":57,"column":11}},"loc":{"start":{"line":57,"column":19},"end":{"line":68,"column":null}},"line":57},"7":{"name":"(anonymous_7)","decl":{"start":{"line":71,"column":6},"end":{"line":71,"column":19}},"loc":{"start":{"line":71,"column":22},"end":{"line":73,"column":null}},"line":71},"8":{"name":"(anonymous_8)","decl":{"start":{"line":72,"column":39},"end":{"line":72,"column":41}},"loc":{"start":{"line":72,"column":45},"end":{"line":72,"column":55}},"line":72},"9":{"name":"(anonymous_9)","decl":{"start":{"line":76,"column":6},"end":{"line":76,"column":16}},"loc":{"start":{"line":76,"column":19},"end":{"line":78,"column":null}},"line":76},"10":{"name":"(anonymous_10)","decl":{"start":{"line":77,"column":39},"end":{"line":77,"column":41}},"loc":{"start":{"line":77,"column":45},"end":{"line":77,"column":57}},"line":77},"11":{"name":"(anonymous_11)","decl":{"start":{"line":81,"column":2},"end":{"line":81,"column":13}},"loc":{"start":{"line":81,"column":16},"end":{"line":85,"column":null}},"line":81},"12":{"name":"(anonymous_12)","decl":{"start":{"line":82,"column":61},"end":{"line":82,"column":63}},"loc":{"start":{"line":82,"column":67},"end":{"line":82,"column":79}},"line":82},"13":{"name":"(anonymous_13)","decl":{"start":{"line":84,"column":38},"end":{"line":84,"column":40}},"loc":{"start":{"line":84,"column":44},"end":{"line":84,"column":54}},"line":84},"14":{"name":"(anonymous_14)","decl":{"start":{"line":88,"column":6},"end":{"line":88,"column":24}},"loc":{"start":{"line":88,"column":27},"end":{"line":92,"column":null}},"line":88},"15":{"name":"(anonymous_15)","decl":{"start":{"line":90,"column":14},"end":{"line":90,"column":16}},"loc":{"start":{"line":90,"column":20},"end":{"line":90,"column":30}},"line":90},"16":{"name":"(anonymous_16)","decl":{"start":{"line":91,"column":11},"end":{"line":91,"column":13}},"loc":{"start":{"line":91,"column":17},"end":{"line":91,"column":37}},"line":91},"17":{"name":"(anonymous_17)","decl":{"start":{"line":95,"column":2},"end":{"line":95,"column":15}},"loc":{"start":{"line":95,"column":18},"end":{"line":99,"column":null}},"line":95},"18":{"name":"(anonymous_18)","decl":{"start":{"line":102,"column":2},"end":{"line":102,"column":20}},"loc":{"start":{"line":102,"column":23},"end":{"line":113,"column":null}},"line":102},"19":{"name":"(anonymous_19)","decl":{"start":{"line":115,"column":2},"end":{"line":115,"column":14}},"loc":{"start":{"line":115,"column":17},"end":{"line":117,"column":null}},"line":115},"20":{"name":"(anonymous_20)","decl":{"start":{"line":120,"column":2},"end":{"line":120,"column":23}},"loc":{"start":{"line":120,"column":26},"end":{"line":125,"column":null}},"line":120},"21":{"name":"(anonymous_21)","decl":{"start":{"line":128,"column":2},"end":{"line":128,"column":25}},"loc":{"start":{"line":128,"column":54},"end":{"line":136,"column":null}},"line":128},"22":{"name":"(anonymous_22)","decl":{"start":{"line":139,"column":2},"end":{"line":139,"column":19}},"loc":{"start":{"line":139,"column":22},"end":{"line":144,"column":null}},"line":139},"23":{"name":"(anonymous_23)","decl":{"start":{"line":147,"column":2},"end":{"line":147,"column":9}},"loc":{"start":{"line":147,"column":17},"end":{"line":157,"column":null}},"line":147},"24":{"name":"(anonymous_24)","decl":{"start":{"line":160,"column":2},"end":{"line":160,"column":19}},"loc":{"start":{"line":160,"column":27},"end":{"line":180,"column":null}},"line":160},"25":{"name":"(anonymous_25)","decl":{"start":{"line":164,"column":76},"end":{"line":164,"column":81}},"loc":{"start":{"line":164,"column":85},"end":{"line":164,"column":99}},"line":164},"26":{"name":"(anonymous_26)","decl":{"start":{"line":167,"column":36},"end":{"line":167,"column":38}},"loc":{"start":{"line":167,"column":42},"end":{"line":173,"column":5}},"line":167},"27":{"name":"(anonymous_27)","decl":{"start":{"line":178,"column":87},"end":{"line":178,"column":92}},"loc":{"start":{"line":178,"column":96},"end":{"line":178,"column":110}},"line":178},"28":{"name":"(anonymous_28)","decl":{"start":{"line":182,"column":2},"end":{"line":182,"column":24}},"loc":{"start":{"line":182,"column":27},"end":{"line":184,"column":null}},"line":182},"29":{"name":"(anonymous_29)","decl":{"start":{"line":186,"column":6},"end":{"line":186,"column":19}},"loc":{"start":{"line":186,"column":22},"end":{"line":188,"column":null}},"line":186},"30":{"name":"(anonymous_30)","decl":{"start":{"line":190,"column":2},"end":{"line":190,"column":16}},"loc":{"start":{"line":190,"column":30},"end":{"line":199,"column":null}},"line":190}},"branchMap":{"0":{"loc":{"start":{"line":34,"column":6},"end":{"line":38,"column":null}},"type":"if","locations":[{"start":{"line":34,"column":6},"end":{"line":38,"column":null}},{"start":{},"end":{}}],"line":34},"1":{"loc":{"start":{"line":61,"column":4},"end":{"line":65,"column":null}},"type":"if","locations":[{"start":{"line":61,"column":4},"end":{"line":65,"column":null}},{"start":{"line":63,"column":11},"end":{"line":65,"column":null}}],"line":61},"2":{"loc":{"start":{"line":83,"column":11},"end":{"line":84,"column":null}},"type":"binary-expr","locations":[{"start":{"line":83,"column":11},"end":{"line":83,"column":42}},{"start":{"line":84,"column":11},"end":{"line":84,"column":null}}],"line":83},"3":{"loc":{"start":{"line":96,"column":4},"end":{"line":98,"column":null}},"type":"if","locations":[{"start":{"line":96,"column":4},"end":{"line":98,"column":null}},{"start":{},"end":{}}],"line":96},"4":{"loc":{"start":{"line":103,"column":4},"end":{"line":112,"column":null}},"type":"if","locations":[{"start":{"line":103,"column":4},"end":{"line":112,"column":null}},{"start":{},"end":{}}],"line":103},"5":{"loc":{"start":{"line":104,"column":24},"end":{"line":104,"column":null}},"type":"binary-expr","locations":[{"start":{"line":104,"column":24},"end":{"line":104,"column":46}},{"start":{"line":104,"column":50},"end":{"line":104,"column":null}}],"line":104},"6":{"loc":{"start":{"line":107,"column":6},"end":{"line":111,"column":null}},"type":"if","locations":[{"start":{"line":107,"column":6},"end":{"line":111,"column":null}},{"start":{"line":109,"column":13},"end":{"line":111,"column":null}}],"line":107},"7":{"loc":{"start":{"line":121,"column":4},"end":{"line":124,"column":null}},"type":"if","locations":[{"start":{"line":121,"column":4},"end":{"line":124,"column":null}},{"start":{},"end":{}}],"line":121},"8":{"loc":{"start":{"line":123,"column":47},"end":{"line":123,"column":null}},"type":"cond-expr","locations":[{"start":{"line":123,"column":60},"end":{"line":123,"column":74}},{"start":{"line":123,"column":77},"end":{"line":123,"column":null}}],"line":123},"9":{"loc":{"start":{"line":129,"column":4},"end":{"line":129,"column":null}},"type":"if","locations":[{"start":{"line":129,"column":4},"end":{"line":129,"column":null}},{"start":{},"end":{}}],"line":129},"10":{"loc":{"start":{"line":131,"column":4},"end":{"line":135,"column":null}},"type":"if","locations":[{"start":{"line":131,"column":4},"end":{"line":135,"column":null}},{"start":{"line":133,"column":11},"end":{"line":135,"column":null}}],"line":131},"11":{"loc":{"start":{"line":149,"column":4},"end":{"line":152,"column":null}},"type":"if","locations":[{"start":{"line":149,"column":4},"end":{"line":152,"column":null}},{"start":{},"end":{}}],"line":149},"12":{"loc":{"start":{"line":149,"column":8},"end":{"line":149,"column":61}},"type":"binary-expr","locations":[{"start":{"line":149,"column":9},"end":{"line":149,"column":22}},{"start":{"line":149,"column":26},"end":{"line":149,"column":39}},{"start":{"line":149,"column":44},"end":{"line":149,"column":61}}],"line":149},"13":{"loc":{"start":{"line":154,"column":4},"end":{"line":156,"column":null}},"type":"if","locations":[{"start":{"line":154,"column":4},"end":{"line":156,"column":null}},{"start":{},"end":{}}],"line":154},"14":{"loc":{"start":{"line":161,"column":4},"end":{"line":161,"column":null}},"type":"if","locations":[{"start":{"line":161,"column":4},"end":{"line":161,"column":null}},{"start":{},"end":{}}],"line":161},"15":{"loc":{"start":{"line":175,"column":4},"end":{"line":179,"column":null}},"type":"if","locations":[{"start":{"line":175,"column":4},"end":{"line":179,"column":null}},{"start":{"line":177,"column":11},"end":{"line":179,"column":null}}],"line":175},"16":{"loc":{"start":{"line":183,"column":11},"end":{"line":183,"column":null}},"type":"binary-expr","locations":[{"start":{"line":183,"column":11},"end":{"line":183,"column":35}},{"start":{"line":183,"column":39},"end":{"line":183,"column":null}}],"line":183},"17":{"loc":{"start":{"line":187,"column":11},"end":{"line":187,"column":null}},"type":"binary-expr","locations":[{"start":{"line":187,"column":11},"end":{"line":187,"column":71}},{"start":{"line":187,"column":75},"end":{"line":187,"column":null}}],"line":187},"18":{"loc":{"start":{"line":192,"column":4},"end":{"line":197,"column":null}},"type":"if","locations":[{"start":{"line":192,"column":4},"end":{"line":197,"column":null}},{"start":{},"end":{}}],"line":192}},"s":{"0":1,"1":1,"2":19,"3":19,"4":1,"5":1,"6":1,"7":1,"8":1,"9":1,"10":2,"11":2,"12":6,"13":4,"14":4,"15":4,"16":2,"17":2,"18":2,"19":2,"20":6,"21":6,"22":6,"23":2,"24":2,"25":2,"26":2,"27":2,"28":1,"29":1,"30":2,"31":80,"32":240,"33":27,"34":81,"35":9,"36":27,"37":9,"38":14,"39":4,"40":12,"41":6,"42":25,"43":25,"44":27,"45":27,"46":27,"47":27,"48":5,"49":22,"50":0,"51":3,"52":3,"53":3,"54":13,"55":0,"56":13,"57":6,"58":7,"59":1,"60":2,"61":1,"62":1,"63":2,"64":1,"65":2,"66":0,"67":2,"68":0,"69":2,"70":2,"71":2,"72":2,"73":2,"74":2,"75":2,"76":1,"77":1,"78":0,"79":25,"80":24,"81":1,"82":1,"83":1,"84":1,"85":1,"86":1,"87":1},"f":{"0":19,"1":1,"2":2,"3":6,"4":2,"5":6,"6":2,"7":80,"8":240,"9":27,"10":81,"11":9,"12":27,"13":14,"14":4,"15":12,"16":6,"17":25,"18":27,"19":0,"20":3,"21":13,"22":1,"23":2,"24":2,"25":0,"26":2,"27":0,"28":25,"29":24,"30":1},"b":{"0":[4,2],"1":[1,1],"2":[9,9],"3":[25,0],"4":[27,0],"5":[27,23],"6":[5,22],"7":[3,0],"8":[2,1],"9":[0,13],"10":[6,7],"11":[1,1],"12":[2,1,1],"13":[1,1],"14":[0,2],"15":[1,1],"16":[25,24],"17":[24,0],"18":[1,0]},"meta":{"lastBranch":19,"lastFunction":31,"lastStatement":88,"seen":{"s:4:19:4:Infinity":0,"s:5:18:8:Infinity":1,"f:10:2:10:9":0,"s:11:4:11:Infinity":2,"s:12:4:12:Infinity":3,"f:16:8:16:14":1,"s:17:21:17:Infinity":4,"s:18:22:18:Infinity":5,"s:19:27:19:Infinity":6,"s:22:4:22:Infinity":7,"s:23:4:23:Infinity":8,"s:24:4:24:Infinity":9,"f:31:2:31:11":2,"s:32:4:32:Infinity":10,"s:33:4:39:Infinity":11,"f:33:33:33:41":3,"b:34:6:38:Infinity:undefined:undefined:undefined:undefined":0,"s:34:6:38:Infinity":12,"s:35:8:35:Infinity":13,"s:36:31:36:Infinity":14,"s:37:8:37:Infinity":15,"s:40:4:40:Infinity":16,"s:41:4:41:Infinity":17,"f:45:2:45:13":4,"s:46:4:46:Infinity":18,"s:47:4:51:Infinity":19,"f:47:33:47:41":5,"s:48:6:48:Infinity":20,"s:49:29:49:Infinity":21,"s:50:6:50:Infinity":22,"s:52:4:52:Infinity":23,"s:53:4:53:Infinity":24,"f:57:2:57:11":6,"s:58:4:58:Infinity":25,"s:59:23:59:Infinity":26,"b:61:4:65:Infinity:63:11:65:Infinity":1,"s:61:4:65:Infinity":27,"s:62:6:62:Infinity":28,"s:64:6:64:Infinity":29,"s:67:4:67:Infinity":30,"f:71:6:71:19":7,"s:72:4:72:Infinity":31,"f:72:39:72:41":8,"s:72:45:72:55":32,"f:76:6:76:16":9,"s:77:4:77:Infinity":33,"f:77:39:77:41":10,"s:77:45:77:57":34,"f:81:2:81:13":11,"s:82:33:82:Infinity":35,"f:82:61:82:63":12,"s:82:67:82:79":36,"s:83:4:84:Infinity":37,"b:83:11:83:42:84:11:84:Infinity":2,"f:84:38:84:40":13,"s:84:44:84:54":38,"f:88:6:88:24":14,"s:89:4:91:Infinity":39,"f:90:14:90:16":15,"s:90:20:90:30":40,"f:91:11:91:13":16,"s:91:17:91:37":41,"f:95:2:95:15":17,"b:96:4:98:Infinity:undefined:undefined:undefined:undefined":3,"s:96:4:98:Infinity":42,"s:97:6:97:Infinity":43,"f:102:2:102:20":18,"b:103:4:112:Infinity:undefined:undefined:undefined:undefined":4,"s:103:4:112:Infinity":44,"s:104:24:104:Infinity":45,"b:104:24:104:46:104:50:104:Infinity":5,"s:105:6:105:Infinity":46,"b:107:6:111:Infinity:109:13:111:Infinity":6,"s:107:6:111:Infinity":47,"s:108:8:108:Infinity":48,"s:110:8:110:Infinity":49,"f:115:2:115:14":19,"s:116:4:116:Infinity":50,"f:120:2:120:23":20,"b:121:4:124:Infinity:undefined:undefined:undefined:undefined":7,"s:121:4:124:Infinity":51,"s:122:25:122:Infinity":52,"s:123:6:123:Infinity":53,"b:123:60:123:74:123:77:123:Infinity":8,"f:128:2:128:25":21,"b:129:4:129:Infinity:undefined:undefined:undefined:undefined":9,"s:129:4:129:Infinity":54,"s:129:25:129:Infinity":55,"b:131:4:135:Infinity:133:11:135:Infinity":10,"s:131:4:135:Infinity":56,"s:132:6:132:Infinity":57,"s:134:6:134:Infinity":58,"f:139:2:139:19":22,"s:140:4:143:Infinity":59,"f:147:2:147:9":23,"b:149:4:152:Infinity:undefined:undefined:undefined:undefined":11,"s:149:4:152:Infinity":60,"b:149:9:149:22:149:26:149:39:149:44:149:61":12,"s:150:6:150:Infinity":61,"s:151:6:151:Infinity":62,"b:154:4:156:Infinity:undefined:undefined:undefined:undefined":13,"s:154:4:156:Infinity":63,"s:155:6:155:Infinity":64,"f:160:2:160:19":24,"b:161:4:161:Infinity:undefined:undefined:undefined:undefined":14,"s:161:4:161:Infinity":65,"s:161:29:161:Infinity":66,"s:164:4:164:Infinity":67,"f:164:76:164:81":25,"s:164:85:164:99":68,"s:167:4:173:Infinity":69,"f:167:36:167:38":26,"s:168:20:168:Infinity":70,"s:169:6:169:Infinity":71,"s:170:6:170:Infinity":72,"s:171:6:171:Infinity":73,"s:172:6:172:Infinity":74,"b:175:4:179:Infinity:177:11:179:Infinity":15,"s:175:4:179:Infinity":75,"s:176:6:176:Infinity":76,"s:178:6:178:Infinity":77,"f:178:87:178:92":27,"s:178:96:178:110":78,"f:182:2:182:24":28,"s:183:4:183:Infinity":79,"b:183:11:183:35:183:39:183:Infinity":16,"f:186:6:186:19":29,"s:187:4:187:Infinity":80,"b:187:11:187:71:187:75:187:Infinity":17,"f:190:2:190:16":30,"s:191:16:191:Infinity":81,"b:192:4:197:Infinity:undefined:undefined:undefined:undefined":18,"s:192:4:197:Infinity":82,"s:193:6:193:Infinity":83,"s:194:6:194:Infinity":84,"s:195:6:195:Infinity":85,"s:196:6:196:Infinity":86,"s:198:4:198:Infinity":87}}}
,"/Users/izaias/www/personal-projects/forge/app/javascript/controllers/copy_controller.js": {"path":"/Users/izaias/www/personal-projects/forge/app/javascript/controllers/copy_controller.js","statementMap":{"0":{"start":{"line":4,"column":18},"end":{"line":4,"column":null}},"1":{"start":{"line":7,"column":4},"end":{"line":7,"column":null}},"2":{"start":{"line":8,"column":19},"end":{"line":8,"column":null}},"3":{"start":{"line":9,"column":25},"end":{"line":9,"column":null}},"4":{"start":{"line":11,"column":4},"end":{"line":22,"column":null}},"5":{"start":{"line":12,"column":6},"end":{"line":12,"column":null}},"6":{"start":{"line":13,"column":6},"end":{"line":13,"column":null}},"7":{"start":{"line":14,"column":6},"end":{"line":14,"column":null}},"8":{"start":{"line":16,"column":6},"end":{"line":19,"column":null}},"9":{"start":{"line":17,"column":8},"end":{"line":17,"column":null}},"10":{"start":{"line":18,"column":8},"end":{"line":18,"column":null}},"11":{"start":{"line":21,"column":6},"end":{"line":21,"column":null}}},"fnMap":{"0":{"name":"(anonymous_0)","decl":{"start":{"line":6,"column":8},"end":{"line":6,"column":12}},"loc":{"start":{"line":6,"column":20},"end":{"line":23,"column":null}},"line":6},"1":{"name":"(anonymous_1)","decl":{"start":{"line":16,"column":17},"end":{"line":16,"column":18}},"loc":{"start":{"line":16,"column":23},"end":{"line":19,"column":7}},"line":16}},"branchMap":{},"s":{"0":1,"1":3,"2":3,"3":3,"4":3,"5":3,"6":2,"7":2,"8":2,"9":1,"10":1,"11":1},"f":{"0":3,"1":1},"b":{},"meta":{"lastBranch":0,"lastFunction":2,"lastStatement":12,"seen":{"s:4:18:4:Infinity":0,"f:6:8:6:12":0,"s:7:4:7:Infinity":1,"s:8:19:8:Infinity":2,"s:9:25:9:Infinity":3,"s:11:4:22:Infinity":4,"s:12:6:12:Infinity":5,"s:13:6:13:Infinity":6,"s:14:6:14:Infinity":7,"s:16:6:19:Infinity":8,"f:16:17:16:18":1,"s:17:8:17:Infinity":9,"s:18:8:18:Infinity":10,"s:21:6:21:Infinity":11}}}
[...]
:{"line":69,"column":4},"end":{"line":71,"column":null}},"28":{"start":{"line":70,"column":6},"end":{"line":70,"column":null}},"29":{"start":{"line":72,"column":4},"end":{"line":74,"column":null}},"30":{"start":{"line":73,"column":6},"end":{"line":73,"column":null}},"31":{"start":{"line":75,"column":4},"end":{"line":77,"column":null}},"32":{"start":{"line":76,"column":6},"end":{"line":76,"column":null}},"33":{"start":{"line":78,"column":4},"end":{"line":80,"column":null}},"34":{"start":{"line":79,"column":6},"end":{"line":79,"column":null}},"35":{"start":{"line":84,"column":4},"end":{"line":86,"column":null}},"36":{"start":{"line":85,"column":6},"end":{"line":85,"column":null}},"37":{"start":{"line":87,"column":4},"end":{"line":89,"column":null}},"38":{"start":{"line":88,"column":6},"end":{"line":88,"column":null}},"39":{"start":{"line":90,"column":4},"end":{"line":92,"column":null}},"40":{"start":{"line":91,"column":6},"end":{"line":91,"column":null}},"41":{"start":{"line":93,"column":4},"end":{"line":95,"column":null}},"42":{"start":{"line":94,"column":6},"end":{"line":94,"column":null}},"43":{"start":{"line":99,"column":4},"end":{"line":99,"column":null}},"44":{"start":{"line":100,"column":4},"end":{"line":100,"column":null}},"45":{"start":{"line":101,"column":4},"end":{"line":101,"column":null}}},"fnMap":{"0":{"name":"(anonymous_0)","decl":{"start":{"line":10,"column":2},"end":{"line":10,"column":9}},"loc":{"start":{"line":10,"column":12},"end":{"line":12,"column":null}},"line":10},"1":{"name":"(anonymous_1)","decl":{"start":{"line":14,"column":8},"end":{"line":14,"column":16}},"loc":{"start":{"line":14,"column":19},"end":{"line":16,"column":null}},"line":14},"2":{"name":"(anonymous_2)","decl":{"start":{"line":18,"column":8},"end":{"line":18,"column":17}},"loc":{"start":{"line":18,"column":25},"end":{"line":21,"column":null}},"line":18},"3":{"name":"(anonymous_3)","decl":{"start":{"line":23,"column":8},"end":{"line":23,"column":12}},"loc":{"start":{"line":23,"column":20},"end":{"line":26,"column":null}},"line":23},"4":{"name":"(anonymous_4)","decl":{"start":{"line":28,"column":8},"end":{"line":28,"column":19}},"loc":{"start":{"line":28,"column":82},"end":{"line":54,"column":null}},"line":28},"5":{"name":"(anonymous_5)","decl":{"start":{"line":56,"column":2},"end":{"line":56,"column":11}},"loc":{"start":{"line":56,"column":14},"end":{"line":60,"column":null}},"line":56},"6":{"name":"(anonymous_6)","decl":{"start":{"line":62,"column":2},"end":{"line":62,"column":11}},"loc":{"start":{"line":62,"column":14},"end":{"line":66,"column":null}},"line":62},"7":{"name":"(anonymous_7)","decl":{"start":{"line":68,"column":2},"end":{"line":68,"column":15}},"loc":{"start":{"line":68,"column":18},"end":{"line":81,"column":null}},"line":68},"8":{"name":"(anonymous_8)","decl":{"start":{"line":83,"column":2},"end":{"line":83,"column":14}},"loc":{"start":{"line":83,"column":17},"end":{"line":96,"column":null}},"line":83},"9":{"name":"(anonymous_9)","decl":{"start":{"line":98,"column":2},"end":{"line":98,"column":7}},"loc":{"start":{"line":98,"column":10},"end":{"line":102,"column":null}},"line":98}},"branchMap":{"0":{"loc":{"start":{"line":28,"column":20},"end":{"line":28,"column":80}},"type":"default-arg","locations":[{"start":{"line":28,"column":78},"end":{"line":28,"column":80}}],"line":28},"1":{"loc":{"start":{"line":28,"column":22},"end":{"line":28,"column":35}},"type":"default-arg","locations":[{"start":{"line":28,"column":30},"end":{"line":28,"column":35}}],"line":28},"2":{"loc":{"start":{"line":28,"column":37},"end":{"line":28,"column":54}},"type":"default-arg","locations":[{"start":{"line":28,"column":49},"end":{"line":28,"column":54}}],"line":28},"3":{"loc":{"start":{"line":28,"column":56},"end":{"line":28,"column":73}},"type":"default-arg","locations":[{"start":{"line":28,"column":67},"end":{"line":28,"column":73}}],"line":28},"4":{"loc":{"start":{"line":29,"column":4},"end":{"line":29,"column":null}},"type":"if","locations":[{"start":{"line":29,"column":4},"end":{"line":29,"column":null}},{"start":{},"end":{}}],"line":29},"5":{"loc":{"start":{"line":32,"column":4},"end":{"line":32,"column":null}},"type":"if","locations":[{"start":{"line":32,"column":4},"end":{"line":32,"column":null}},{"start":{},"end":{}}],"line":32},"6":{"loc":{"start":{"line":35,"column":18},"end":{"line":35,"column":null}},"type":"cond-expr","locations":[{"start":{"line":35,"column":26},"end":{"line":35,"column":55}},{"start":{"line":35,"column":58},"end":{"line":35,"column":null}}],"line":35},"7":{"loc":{"start":{"line":44,"column":6},"end":{"line":47,"column":null}},"type":"if","locations":[{"start":{"line":44,"column":6},"end":{"line":47,"column":null}},{"start":{},"end":{}}],"line":44},"8":{"loc":{"start":{"line":57,"column":4},"end":{"line":59,"column":null}},"type":"if","locations":[{"start":{"line":57,"column":4},"end":{"line":59,"column":null}},{"start":{},"end":{}}],"line":57},"9":{"loc":{"start":{"line":63,"column":4},"end":{"line":65,"column":null}},"type":"if","locations":[{"start":{"line":63,"column":4},"end":{"line":65,"column":null}},{"start":{},"end":{}}],"line":63},"10":{"loc":{"start":{"line":69,"column":4},"end":{"line":71,"column":null}},"type":"if","locations":[{"start":{"line":69,"column":4},"end":{"line":71,"column":null}},{"start":{},"end":{}}],"line":69},"11":{"loc":{"start":{"line":72,"column":4},"end":{"line":74,"column":null}},"type":"if","locations":[{"start":{"line":72,"column":4},"end":{"line":74,"column":null}},{"start":{},"end":{}}],"line":72},"12":{"loc":{"start":{"line":75,"column":4},"end":{"line":77,"column":null}},"type":"if","locations":[{"start":{"line":75,"column":4},"end":{"line":77,"column":null}},{"start":{},"end":{}}],"line":75},"13":{"loc":{"start":{"line":78,"column":4},"end":{"line":80,"column":null}},"type":"if","locations":[{"start":{"line":78,"column":4},"end":{"line":80,"column":null}},{"start":{},"end":{}}],"line":78},"14":{"loc":{"start":{"line":84,"column":4},"end":{"line":86,"column":null}},"type":"if","locations":[{"start":{"line":84,"column":4},"end":{"line":86,"column":null}},{"start":{},"end":{}}],"line":84},"15":{"loc":{"start":{"line":87,"column":4},"end":{"line":89,"column":null}},"type":"if","locations":[{"start":{"line":87,"column":4},"end":{"line":89,"column":null}},{"start":{},"end":{}}],"line":87},"16":{"loc":{"start":{"line":90,"column":4},"end":{"line":92,"column":null}},"type":"if","locations":[{"start":{"line":90,"column":4},"end":{"line":92,"column":null}},{"start":{},"end":{}}],"line":90},"17":{"loc":{"start":{"line":93,"column":4},"end":{"line":95,"column":null}},"type":"if","locations":[{"start":{"line":93,"column":4},"end":{"line":95,"column":null}},{"start":{},"end":{}}],"line":93}},"s":{"0":1,"1":1,"2":17,"3":18,"4":1,"5":1,"6":3,"7":3,"8":22,"9":1,"10":21,"11":21,"12":3,"13":21,"14":21,"15":21,"16":22,"17":20,"18":20,"19":20,"20":1,"21":21,"22":21,"23":4,"24":4,"25":23,"26":23,"27":25,"28":25,"29":25,"30":25,"31":25,"32":25,"33":25,"34":25,"35":25,"36":25,"37":25,"38":25,"39":25,"40":25,"41":25,"42":25,"43":22,"44":22,"45":22},"f":{"0":17,"1":18,"2":1,"3":3,"4":22,"5":4,"6":23,"7":25,"8":25,"9":22},"b":{"0":[22],"1":[22],"2":[22],"3":[22],"4":[1,21],"5":[3,18],"6":[1,20],"7":[20,0],"8":[4,0],"9":[23,0],"10":[25,0],"11":[25,0],"12":[25,0],"13":[25,0],"14":[25,0],"15":[25,0],"16":[25,0],"17":[25,0]},"meta":{"lastBranch":18,"lastFunction":10,"lastStatement":46,"seen":{"s:4:19:4:Infinity":0,"s:5:18:8:Infinity":1,"f:10:2:10:9":0,"s:11:4:11:Infinity":2,"f:14:8:14:16":1,"s:15:4:15:Infinity":3,"f:18:8:18:17":2,"s:19:4:19:Infinity":4,"s:20:4:20:Infinity":5,"f:23:8:23:12":3,"s:24:4:24:Infinity":6,"s:25:4:25:Infinity":7,"f:28:8:28:19":4,"b:28:78:28:80":0,"b:28:30:28:35":1,"b:28:49:28:54":2,"b:28:67:28:73":3,"b:29:4:29:Infinity:undefined:undefined:undefined:undefined":4,"s:29:4:29:Infinity":8,"s:29:27:29:Infinity":9,"s:31:4:31:Infinity":10,"b:32:4:32:Infinity:undefined:undefined:undefined:undefined":5,"s:32:4:32:Infinity":11,"s:32:19:32:Infinity":12,"s:33:4:33:Infinity":13,"s:34:4:52:Infinity":14,"s:35:18:35:Infinity":15,"b:35:26:35:55:35:58:35:Infinity":6,"s:36:23:42:Infinity":16,"b:44:6:47:Infinity:undefined:undefined:undefined:undefined":7,"s:44:6:47:Infinity":17,"s:45:21:45:Infinity":18,"s:46:8:46:Infinity":19,"s:49:6:49:Infinity":20,"s:51:6:51:Infinity":21,"s:53:4:53:Infinity":22,"f:56:2:56:11":5,"b:57:4:59:Infinity:undefined:undefined:undefined:undefined":8,"s:57:4:59:Infinity":23,"s:58:6:58:Infinity":24,"f:62:2:62:11":6,"b:63:4:65:Infinity:undefined:undefined:undefined:undefined":9,"s:63:4:65:Infinity":25,"s:64:6:64:Infinity":26,"f:68:2:68:15":7,"b:69:4:71:Infinity:undefined:undefined:undefined:undefined":10,"s:69:4:71:Infinity":27,"s:70:6:70:Infinity":28,"b:72:4:74:Infinity:undefined:undefined:undefined:undefined":11,"s:72:4:74:Infinity":29,"s:73:6:73:Infinity":30,"b:75:4:77:Infinity:undefined:undefined:undefined:undefined":12,"s:75:4:77:Infinity":31,"s:76:6:76:Infinity":32,"b:78:4:80:Infinity:undefined:undefined:undefined:undefined":13,"s:78:4:80:Infinity":33,"s:79:6:79:Infinity":34,"f:83:2:83:14":8,"b:84:4:86:Infinity:undefined:undefined:undefined:undefined":14,"s:84:4:86:Infinity":35,"s:85:6:85:Infinity":36,"b:87:4:89:Infinity:undefined:undefined:undefined:undefined":15,"s:87:4:89:Infinity":37,"s:88:6:88:Infinity":38,"b:90:4:92:Infinity:undefined:undefined:undefined:undefined":16,"s:90:4:92:Infinity":39,"s:91:6:91:Infinity":40,"b:93:4:95:Infinity:undefined:undefined:undefined:undefined":17,"s:93:4:95:Infinity":41,"s:94:6:94:Infinity":42,"f:98:2:98:7":9,"s:99:4:99:Infinity":43,"s:100:4:100:Infinity":44,"s:101:4:101:Infinity":45}}}
,"/Users/izaias/www/personal-projects/forge/app/javascript/controllers/theme_controller.js": {"path":"/Users/izaias/www/personal-projects/forge/app/javascript/controllers/theme_controller.js","statementMap":{"0":{"start":{"line":4,"column":19},"end":{"line":4,"column":null}},"1":{"start":{"line":5,"column":18},"end":{"line":5,"column":null}},"2":{"start":{"line":8,"column":4},"end":{"line":8,"column":null}},"3":{"start":{"line":9,"column":4},"end":{"line":9,"column":null}},"4":{"start":{"line":13,"column":4},"end":{"line":13,"column":null}},"5":{"start":{"line":15,"column":26},"end":{"line":15,"column":null}},"6":{"start":{"line":16,"column":22},"end":{"line":16,"column":null}},"7":{"start":{"line":18,"column":4},"end":{"line":18,"column":null}},"8":{"start":{"line":19,"column":4},"end":{"line":22,"column":null}},"9":{"start":{"line":20,"column":6},"end":{"line":20,"column":null}},"10":{"start":{"line":21,"column":6},"end":{"line":21,"column":null}},"11":{"start":{"line":26,"column":22},"end":{"line":26,"column":null}},"12":{"start":{"line":27,"column":4},"end":{"line":27,"column":null}},"13":{"start":{"line":27,"column":55},"end":{"line":27,"column":null}},"14":{"start":{"line":29,"column":4},"end":{"line":29,"column":null}},"15":{"start":{"line":33,"column":4},"end":{"line":33,"column":null}},"16":{"start":{"line":34,"column":4},"end":{"line":34,"column":null}},"17":{"start":{"line":35,"column":4},"end":{"line":35,"column":null}},"18":{"start":{"line":36,"column":4},"end":{"line":36,"column":null}},"19":{"start":{"line":37,"column":4},"end":{"line":37,"column":null}},"20":{"start":{"line":41,"column":21},"end":{"line":41,"column":null}},"21":{"start":{"line":43,"column":4},"end":{"line":47,"column":null}},"22":{"start":{"line":44,"column":6},"end":{"line":44,"column":null}},"23":{"start":{"line":45,"column":6},"end":{"line":45,"column":null}},"24":{"start":{"line":46,"column":6},"end":{"line":46,"column":null}},"25":{"start":{"line":49,"column":4},"end":{"line":51,"column":null}},"26":{"start":{"line":50,"column":6},"end":{"line":50,"column":null}},"27":{"start":{"line":53,"column":4},"end":{"line":55,"column":null}},"28":{"start":{"line":54,"column":6},"end":{"line":54,"column":null}},"29":{"start":{"line":57,"column":4},"end":{"line":59,"column":null}},"30":{"start":{"line":58,"column":6},"end":{"line":58,"column":null}},"31":{"start":{"line":63,"column":27},"end":{"line":63,"column":null}},"32":{"start":{"line":64,"column":4},"end":{"line":66,"column":null}},"33":{"start":{"line":65,"column":6},"end":{"line":65,"column":null}},"34":{"start":{"line":70,"column":21},"end":{"line":78,"column":null}},"35":{"start":{"line":80,"column":4},"end":{"line":82,"column":null}},"36":{"start":{"line":81,"column":6},"end":{"line":81,"column":null}},"37":{"start":{"line":84,"column":20},"end":{"line":84,"column":null}},"38":{"start":{"line":85,"column":4},"end":{"line":87,"column":null}},"39":{"start":{"line":86,"column":6},"end":{"line":86,"column":null}},"40":{"start":{"line":89,"column":4},"end":{"line":89,"column":null}}},"fnMap":{"0":{"name":"(anonymous_0)","decl":{"start":{"line":7,"column":2},"end":{"line":7,"column":9}},"loc":{"start":{"line":7,"column":12},"end":{"line":10,"column":null}},"line":7},"1":{"name":"(anonymous_1)","decl":{"start":{"line":12,"column":2},"end":{"line":12,"column":8}},"loc":{"start":{"line":12,"column":16},"end":{"line":23,"column":null}},"line":12},"2":{"name":"(anonymous_2)","decl":{"start":{"line":19,"column":39},"end":{"line":19,"column":40}},"loc":{"start":{"line":19,"column":50},"end":{"line":22,"column":5}},"line":19},"3":{"name":"(anonymous_3)","decl":{"start":{"line":25,"column":2},"end":{"line":25,"column":21}},"loc":{"start":{"line":25,"column":24},"end":{"line":30,"column":null}},"line":25},"4":{"name":"(anonymous_4)","decl":{"start":{"line":32,"column":2},"end":{"line":32,"column":12}},"loc":{"start":{"line":32,"column":20},"end":{"line":38,"column":null}},"line":32},"5":{"name":"(anonymous_5)","decl":{"start":{"line":40,"column":2},"end":{"line":40,"column":14}},"loc":{"start":{"line":40,"column":17},"end":{"line":60,"column":null}},"line":40},"6":{"name":"(anonymous_6)","decl":{"start":{"line":43,"column":31},"end":{"line":43,"column":32}},"loc":{"start":{"line":43,"column":43},"end":{"line":47,"column":5}},"line":43},"7":{"name":"(anonymous_7)","decl":{"start":{"line":49,"column":30},"end":{"line":49,"column":31}},"loc":{"start":{"line":49,"column":41},"end":{"line":51,"column":5}},"line":49},"8":{"name":"(anonymous_8)","decl":{"start":{"line":53,"column":34},"end":{"line":53,"column":35}},"loc":{"start":{"line":53,"column":44},"end":{"line":55,"column":5}},"line":53},"9":{"name":"(anonymous_9)","decl":{"start":{"line":57,"column":33},"end":{"line":57,"column":34}},"loc":{"start":{"line":57,"column":43},"end":{"line":59,"column":5}},"line":57},"10":{"name":"(anonymous_10)","decl":{"start":{"line":62,"column":2},"end":{"line":62,"column":18}},"loc":{"start":{"line":62,"column":26},"end":{"line":67,"column":null}},"line":62},"11":{"name":"(anonymous_11)","decl":{"start":{"line":69,"column":8},"end":{"line":69,"column":20}},"loc":{"start":{"line":69,"column":28},"end":{"line":90,"column":null}},"line":69}},"branchMap":{"0":{"loc":{"start":{"line":16,"column":22},"end":{"line":16,"column":null}},"type":"cond-expr","locations":[{"start":{"line":16,"column":53},"end":{"line":16,"column":60}},{"start":{"line":16,"column":63},"end":{"line":16,"column":null}}],"line":16},"1":{"loc":{"start":{"line":27,"column":4},"end":{"line":27,"column":null}},"type":"if","locations":[{"start":{"line":27,"column":4},"end":{"line":27,"column":null}},{"start":{},"end":{}}],"line":27},"2":{"loc":{"start":{"line":27,"column":8},"end":{"line":27,"column":53}},"type":"binary-expr","locations":[{"start":{"line":27,"column":8},"end":{"line":27,"column":29}},{"start":{"line":27,"column":33},"end":{"line":27,"column":53}}],"line":27},"3":{"loc":{"start":{"line":29,"column":11},"end":{"line":29,"column":null}},"type":"cond-expr","locations":[{"start":{"line":29,"column":92},"end":{"line":29,"column":98}},{"start":{"line":29,"column":101},"end":{"line":29,"column":null}}],"line":29},"4":{"loc":{"start":{"line":29,"column":11},"end":{"line":29,"column":89}},"type":"binary-expr","locations":[{"start":{"line":29,"column":11},"end":{"line":29,"column":28}},{"start":{"line":29,"column":32},"end":{"line":29,"column":89}}],"line":29},"5":{"loc":{"start":{"line":45,"column":40},"end":{"line":45,"column":97}},"type":"cond-expr","locations":[{"start":{"line":45,"column":51},"end":{"line":45,"column":73}},{"start":{"line":45,"column":76},"end":{"line":45,"column":97}}],"line":45},"6":{"loc":{"start":{"line":46,"column":35},"end":{"line":46,"column":92}},"type":"cond-expr","locations":[{"start":{"line":46,"column":46},"end":{"line":46,"column":68}},{"start":{"line":46,"column":71},"end":{"line":46,"column":92}}],"line":46},"7":{"loc":{"start":{"line":50,"column":26},"end":{"line":50,"column":null}},"type":"cond-expr","locations":[{"start":{"line":50,"column":37},"end":{"line":50,"column":43}},{"start":{"line":50,"column":46},"end":{"line":50,"column":null}}],"line":50},"8":{"loc":{"start":{"line":64,"column":4},"end":{"line":66,"column":null}},"type":"if","locations":[{"start":{"line":64,"column":4},"end":{"line":66,"column":null}},{"start":{},"end":{}}],"line":64},"9":{"loc":{"start":{"line":65,"column":45},"end":{"line":65,"column":85}},"type":"cond-expr","locations":[{"start":{"line":65,"column":64},"end":{"line":65,"column":73}},{"start":{"line":65,"column":76},"end":{"line":65,"column":85}}],"line":65},"10":{"loc":{"start":{"line":80,"column":4},"end":{"line":82,"column":null}},"type":"if","locations":[{"start":{"line":80,"column":4},"end":{"line":82,"column":null}},{"start":{},"end":{}}],"line":80},"11":{"loc":{"start":{"line":85,"column":4},"end":{"line":87,"column":null}},"type":"if","locations":[{"start":{"line":85,"column":4},"end":{"line":87,"column":null}},{"start":{},"end":{}}],"line":85}},"s":{"0":1,"1":1,"2":8,"3":8,"4":3,"5":3,"6":3,"7":3,"8":3,"9":1,"10":1,"11":8,"12":8,"13":4,"14":4,"15":14,"16":14,"17":14,"18":14,"19":14,"20":14,"21":14,"22":28,"23":28,"24":28,"25":14,"26":28,"27":14,"28":28,"29":14,"30":28,"31":14,"32":14,"33":14,"34":3,"35":2,"36":0,"37":2,"38":2,"39":0,"40":2},"f":{"0":8,"1":3,"2":1,"3":8,"4":14,"5":14,"6":28,"7":28,"8":28,"9":28,"10":14,"11":3},"b":{"0":[0,3],"1":[4,4],"2":[8,5],"3":[0,4],"4":[4,4],"5":[12,16],"6":[12,16],"7":[12,16],"8":[14,0],"9":[6,8],"10":[0,2],"11":[0,2]},"meta":{"lastBranch":12,"lastFunction":12,"lastStatement":41,"seen":{"s:4:19:4:Infinity":0,"s:5:18:5:Infinity":1,"f:7:2:7:9":0,"s:8:4:8:Infinity":2,"s:9:4:9:Infinity":3,"f:12:2:12:8":1,"s:13:4:13:Infinity":4,"s:15:26:15:Infinity":5,"s:16:22:16:Infinity":6,"b:16:53:16:60:16:63:16:Infinity":0,"s:18:4:18:Infinity":7,"s:19:4:22:Infinity":8,"f:19:39:19:40":2,"s:20:6:20:Infinity":9,"s:21:6:21:Infinity":10,"f:25:2:25:21":3,"s:26:22:26:Infinity":11,"b:27:4:27:Infinity:undefined:undefined:undefined:undefined":1,"s:27:4:27:Infinity":12,"b:27:8:27:29:27:33:27:53":2,"s:27:55:27:Infinity":13,"s:29:4:29:Infinity":14,"b:29:92:29:98:29:101:29:Infinity":3,"b:29:11:29:28:29:32:29:89":4,"f:32:2:32:12":4,"s:33:4:33:Infinity":15,"s:34:4:34:Infinity":16,"s:35:4:35:Infinity":17,"s:36:4:36:Infinity":18,"s:37:4:37:Infinity":19,"f:40:2:40:14":5,"s:41:21:41:Infinity":20,"s:43:4:47:Infinity":21,"f:43:31:43:32":6,"s:44:6:44:Infinity":22,"s:45:6:45:Infinity":23,"b:45:51:45:73:45:76:45:97":5,"s:46:6:46:Infinity":24,"b:46:46:46:68:46:71:46:92":6,"s:49:4:51:Infinity":25,"f:49:30:49:31":7,"s:50:6:50:Infinity":26,"b:50:37:50:43:50:46:50:Infinity":7,"s:53:4:55:Infinity":27,"f:53:34:53:35":8,"s:54:6:54:Infinity":28,"s:57:4:59:Infinity":29,"f:57:33:57:34":9,"s:58:6:58:Infinity":30,"f:62:2:62:18":10,"s:63:27:63:Infinity":31,"b:64:4:66:Infinity:undefined:undefined:undefined:undefined":8,"s:64:4:66:Infinity":32,"s:65:6:65:Infinity":33,"b:65:64:65:73:65:76:65:85":9,"f:69:8:69:20":11,"s:70:21:78:Infinity":34,"b:80:4:82:Infinity:undefined:undefined:undefined:undefined":10,"s:80:4:82:Infinity":35,"s:81:6:81:Infinity":36,"s:84:20:84:Infinity":37,"b:85:4:87:Infinity:undefined:undefined:undefined:undefined":11,"s:85:4:87:Infinity":38,"s:86:6:86:Infinity":39,"s:89:4:89:Infinity":40}}}
}
